
==== Cutflow run 20250915_224401 ====
[ggHyyd      ] 00  loaded                          events=  225374  weighted=4373.65  dt=2.763s
[ggHyyd      ] 01  n_ph==1                         events=  195671  weighted=3812.95  dt=2.786s
[ggHyyd      ] 02  pv_z exists                     events=  195671  weighted=3812.95  dt=2.807s
[ggHyyd      ] 03  goodPV                          events=   86910  weighted=1666.81  dt=2.856s
[ggHyyd      ] 04  n_mu_baseline==0                events=   86910  weighted=1666.81  dt=2.889s
[ggHyyd      ] 05  n_el_baseline==0                events=   86910  weighted=1666.81  dt=2.924s
[ggHyyd      ] 06  n_tau_baseline==0               events=   85912  weighted=1647.27  dt=2.959s
[ggHyyd      ] 07  trigger==1                      events=   25430  weighted=493.269  dt=2.983s
[ggHyyd      ] 08  ph_pt>50GeV                     events=   25370  weighted=492.097  dt=3.010s
[ggHyyd      ] 09  MET>100GeV                      events=    5628  weighted=108.536  dt=3.032s
[ggHyyd      ] 10  n_jet_central<=3                events=    4858  weighted=93.8873  dt=3.050s
[ggHyyd      ] 11  140>mT>100GeV                   events=    2866  weighted=55.4818  dt=3.077s
[ggHyyd      ] 12  VertexBDTScore>0.1              events=    2646  weighted=51.2  dt=3.093s
[ggHyyd      ] 13  met_tst_sig>6                   events=    2422  weighted=47.0309  dt=3.110s
[ggHyyd      ] 14  ph_eta<1.75                     events=    2124  weighted=41.2844  dt=3.132s
[ggHyyd      ] 15  dphi_met_phterm>1.25            events=    2004  weighted=39.0012  dt=3.151s
[ggHyyd      ] 16  dmet>-10GeV                     events=    1945  weighted=37.8781  dt=3.168s
[ggHyyd      ] 17  dphi_jj_central<2.5             events=    1860  weighted=36.2236  dt=3.195s
[ggHyyd      ] 18  dphi_met_jetterm<0.75           events=    1852  weighted=36.0924  dt=3.217s
[ggHyyd      ] None-check met_tst_et: 0
[Zjets       ] 00  loaded                          events=11544081  weighted=330316  dt=64.715s
[Zjets       ] 01  n_ph==1                         events= 4463818  weighted=157995  dt=65.025s
[Zjets       ] 02  truth e->gamma                  events= 3242488  weighted=128819  dt=65.705s
[Zjets       ] 03  n_mu_baseline==0                events= 3229462  weighted=128691  dt=66.246s
[Zjets       ] 04  n_el_baseline==0                events=  770339  weighted=38063.3  dt=66.439s
[Zjets       ] 05  n_tau_baseline==0               events=  729391  weighted=37432.8  dt=66.571s
[Zjets       ] 06  trigger==1                      events=   95006  weighted=1156.53  dt=66.617s
[Zjets       ] 07  ph_pt>50GeV                     events=   94607  weighted=1148.45  dt=66.736s
[Zjets       ] 08  MET>100GeV                      events=   14813  weighted=147.987  dt=66.751s
[Zjets       ] 09  n_jet_central<=3                events=    7940  weighted=129.991  dt=66.763s
[Zjets       ] 10  140>mT>100GeV                   events=     532  weighted=6.64306  dt=66.888s
[Zjets       ] 11  VertexBDTScore>0.1              events=     383  weighted=3.21199  dt=66.899s
[Zjets       ] 12  met_tst_sig>6                   events=     110  weighted=0.89647  dt=66.910s
[Zjets       ] 13  ph_eta<1.75                     events=      64  weighted=0.668224  dt=66.977s
[Zjets       ] 14  dphi_met_phterm>1.25            events=      62  weighted=0.649054  dt=66.988s
[Zjets       ] 15  dmet>-10GeV                     events=      59  weighted=0.490644  dt=67.000s
[Zjets       ] 16  dphi_jj_central<2.5             events=      39  weighted=0.417505  dt=67.099s
[Zjets       ] 17  dphi_met_jetterm<0.75           events=      39  weighted=0.417505  dt=67.114s
[Zjets       ] None-check met_tst_et: 0
[Zgamma      ] 00  loaded                          events= 4341141  weighted=59228  dt=24.789s
[Zgamma      ] 01  n_ph==1                         events= 3423357  weighted=47608.3  dt=24.981s
[Zgamma      ] 02  n_mu_baseline==0                events= 3423357  weighted=47608.3  dt=25.113s
[Zgamma      ] 03  n_el_baseline==0                events= 3423357  weighted=47608.3  dt=25.245s
[Zgamma      ] 04  n_tau_baseline==0               events= 3233457  weighted=45769  dt=25.376s
[Zgamma      ] 05  trigger==1                      events= 2358497  weighted=20987.2  dt=25.493s
[Zgamma      ] 06  ph_pt>50GeV                     events= 2356368  weighted=20954  dt=25.957s
[Zgamma      ] 07  MET>100GeV                      events= 1789816  weighted=10352.7  dt=26.312s
[Zgamma      ] 08  n_jet_central<=3                events= 1639302  weighted=9750.39  dt=26.619s
[Zgamma      ] 09  140>mT>100GeV                   events=   21357  weighted=220.757  dt=26.980s
[Zgamma      ] 10  VertexBDTScore>0.1              events=   19491  weighted=191.386  dt=26.994s
[Zgamma      ] 11  met_tst_sig>6                   events=   17951  weighted=173.583  dt=27.008s
[Zgamma      ] 12  ph_eta<1.75                     events=   13899  weighted=136.077  dt=27.058s
[Zgamma      ] 13  dphi_met_phterm>1.25            events=   12760  weighted=115.229  dt=27.077s
[Zgamma      ] 14  dmet>-10GeV                     events=   12264  weighted=111.621  dt=27.092s
[Zgamma      ] 15  dphi_jj_central<2.5             events=   10642  weighted=99.3044  dt=27.170s
[Zgamma      ] 16  dphi_met_jetterm<0.75           events=   10605  weighted=98.4707  dt=27.192s
[Zgamma      ] None-check met_tst_et: 0
[Wgamma      ] 00  loaded                          events= 1772654  weighted=108357  dt=13.602s
[Wgamma      ] 01  n_ph==1                         events= 1308982  weighted=81652.6  dt=13.692s
[Wgamma      ] 02  n_mu_baseline==0                events= 1308982  weighted=81652.6  dt=13.743s
[Wgamma      ] 03  n_el_baseline==0                events= 1308982  weighted=81652.6  dt=13.793s
[Wgamma      ] 04  n_tau_baseline==0               events= 1109250  weighted=75471.3  dt=13.846s
[Wgamma      ] 05  trigger==1                      events=  521828  weighted=18619.2  dt=13.881s
[Wgamma      ] 06  ph_pt>50GeV                     events=  520958  weighted=18555.9  dt=13.996s
[Wgamma      ] 07  MET>100GeV                      events=  342184  weighted=7682.01  dt=14.066s
[Wgamma      ] 08  n_jet_central<=3                events=  282073  weighted=6797.77  dt=14.123s
[Wgamma      ] 09  140>mT>100GeV                   events=   15265  weighted=444.193  dt=14.205s
[Wgamma      ] 10  VertexBDTScore>0.1              events=   14042  weighted=380.35  dt=14.219s
[Wgamma      ] 11  met_tst_sig>6                   events=   12493  weighted=335.642  dt=14.231s
[Wgamma      ] 12  ph_eta<1.75                     events=    9627  weighted=253.516  dt=14.252s
[Wgamma      ] 13  dphi_met_phterm>1.25            events=    9199  weighted=232.164  dt=14.267s
[Wgamma      ] 14  dmet>-10GeV                     events=    8663  weighted=218.025  dt=14.280s
[Wgamma      ] 15  dphi_jj_central<2.5             events=    7289  weighted=195.908  dt=14.316s
[Wgamma      ] 16  dphi_met_jetterm<0.75           events=    7270  weighted=194.735  dt=14.332s
[Wgamma      ] None-check met_tst_et: 0
[Wjets       ] 00  loaded                          events= 3041984  weighted=757999  dt=20.623s
[Wjets       ] 01  n_ph==1                         events= 2230309  weighted=590413  dt=20.764s
[Wjets       ] 02  truth e->gamma                  events= 1962593  weighted=536681  dt=21.143s
[Wjets       ] 03  n_mu_baseline==0                events= 1962593  weighted=536681  dt=21.482s
[Wjets       ] 04  n_el_baseline==0                events= 1962593  weighted=536681  dt=21.823s
[Wjets       ] 05  n_tau_baseline==0               events= 1937580  weighted=530624  dt=22.161s
[Wjets       ] 06  trigger==1                      events=  287662  weighted=52234.1  dt=22.268s
[Wjets       ] 07  ph_pt>50GeV                     events=  286760  weighted=51948.6  dt=22.368s
[Wjets       ] 08  MET>100GeV                      events=  119227  weighted=9629.9  dt=22.407s
[Wjets       ] 09  n_jet_central<=3                events=   73933  weighted=8820.19  dt=22.438s
[Wjets       ] 10  140>mT>100GeV                   events=   14272  weighted=684.3  dt=22.506s
[Wjets       ] 11  VertexBDTScore>0.1              events=   13282  weighted=587.4  dt=22.522s
[Wjets       ] 12  met_tst_sig>6                   events=    9522  weighted=440.639  dt=22.537s
[Wjets       ] 13  ph_eta<1.75                     events=    5378  weighted=235.297  dt=22.575s
[Wjets       ] 14  dphi_met_phterm>1.25            events=    5289  weighted=221.977  dt=22.590s
[Wjets       ] 15  dmet>-10GeV                     events=    4980  weighted=209.246  dt=22.608s
[Wjets       ] 16  dphi_jj_central<2.5             events=    3961  weighted=192.049  dt=22.664s
[Wjets       ] 17  dphi_met_jetterm<0.75           events=    3957  weighted=191.547  dt=22.684s
[Wjets       ] None-check met_tst_et: 0
[gammajet_direct] 00  loaded                          events=13721741  weighted=3.28087e+07  dt=58.303s
[gammajet_direct] 01  n_ph==1                         events=12921098  weighted=2.78226e+07  dt=58.901s
[gammajet_direct] 02  n_mu_baseline==0                events=12921098  weighted=2.78226e+07  dt=59.408s
[gammajet_direct] 03  n_el_baseline==0                events=12921098  weighted=2.78226e+07  dt=59.891s
[gammajet_direct] 04  n_tau_baseline==0               events=12807272  weighted=2.73442e+07  dt=60.369s
[gammajet_direct] 05  trigger==1                      events= 6956099  weighted=1.21601e+06  dt=60.698s
[gammajet_direct] 06  ph_pt>50GeV                     events= 6955806  weighted=1.21186e+06  dt=62.169s
[gammajet_direct] 07  MET>100GeV                      events= 1489230  weighted=180778  dt=62.607s
[gammajet_direct] 08  n_jet_central<=3                events= 1031214  weighted=172829  dt=62.828s
[gammajet_direct] 09  140>mT>100GeV                   events=   27495  weighted=2000.08  dt=63.231s
[gammajet_direct] 10  VertexBDTScore>0.1              events=   27203  weighted=767.974  dt=63.253s
[gammajet_direct] 11  met_tst_sig>6                   events=     171  weighted=34.3552  dt=63.264s
[gammajet_direct] 12  ph_eta<1.75                     events=     159  weighted=21.0405  dt=63.332s
[gammajet_direct] 13  dphi_met_phterm>1.25            events=     159  weighted=21.0405  dt=63.347s
[gammajet_direct] 14  dmet>-10GeV                     events=     148  weighted=14.2403  dt=63.362s
[gammajet_direct] 15  dphi_jj_central<2.5             events=     123  weighted=11.8672  dt=63.476s
[gammajet_direct] 16  dphi_met_jetterm<0.75           events=     122  weighted=11.8346  dt=63.490s
[gammajet_direct] None-check met_tst_et: 0
[data23      ] 00  loaded                          events=19779010  weighted=4.06878e+07  dt=55.217s
[data23      ] 01  jet_faking_photon               events= 3384689  weighted=6.96548e+06  dt=58.192s
[data23      ] 02  n_ph_baseline==1                events= 3354286  weighted=6.90297e+06  dt=59.590s
[data23      ] 03  n_mu_baseline==0                events= 3354286  weighted=6.90297e+06  dt=60.987s
[data23      ] 04  n_el_baseline==0                events= 3354286  weighted=6.90297e+06  dt=62.376s
[data23      ] 05  n_tau_baseline==0               events= 3294169  weighted=6.7796e+06  dt=63.836s
[data23      ] 06  trigger==1                      events=  719136  weighted=1.47618e+06  dt=64.319s
[data23      ] 07  ph_pt>50GeV                     events=  713598  weighted=1.46451e+06  dt=64.879s
[data23      ] 08  MET>100GeV                      events=   93925  weighted=192681  dt=65.053s
[data23      ] 09  n_jet_central<=3                events=   79778  weighted=163598  dt=65.194s
[data23      ] 10  140>mT>100GeV                   events=    2513  weighted=5202.05  dt=65.492s
[data23      ] 11  VertexBDTScore>0.1              events=    1231  weighted=2547.97  dt=65.597s
[data23      ] 12  met_tst_sig>6                   events=     362  weighted=751.98  dt=65.712s
[data23      ] 13  ph_eta<1.75                     events=     255  weighted=517.05  dt=65.937s
[data23      ] 14  dphi_met_phterm>1.25            events=     195  weighted=395.85  dt=66.101s
[data23      ] 15  dmet>-10GeV                     events=     171  weighted=348.09  dt=66.213s
[data23      ] 16  dphi_jj_central<2.5             events=     171  weighted=348.09  dt=66.552s
[data23      ] 17  dphi_met_jetterm<0.75           events=     169  weighted=344.11  dt=66.665s
[data23      ] None-check met_tst_et: 0
