
==== Cutflow run 20250919_232100 ====
[ggHyyd      ] 00  loaded                          events=  225374  weighted=22918.5  dt=1.568s
[ggHyyd      ] 01  n_ph==1                         events=  195671  weighted=19979.1  dt=1.592s
[ggHyyd      ] 02  pv_z exists                     events=  195671  weighted=19979.1  dt=1.612s
[ggHyyd      ] 03  goodPV                          events=   86910  weighted=8732.76  dt=1.657s
[ggHyyd      ] 04  n_mu_baseline==0                events=   86910  weighted=8732.76  dt=1.689s
[ggHyyd      ] 05  n_el_baseline==0                events=   86910  weighted=8732.76  dt=1.721s
[ggHyyd      ] 06  n_tau_baseline==0               events=   85912  weighted=8630.4  dt=1.754s
[ggHyyd      ] 07  trigger==1                      events=   25430  weighted=2584.31  dt=1.775s
[ggHyyd      ] 08  ph_pt>50GeV                     events=   25370  weighted=2578.16  dt=1.800s
[ggHyyd      ] 09  MET>100GeV                      events=    5628  weighted=568.633  dt=1.818s
[ggHyyd      ] 10  n_jet_central<=3                events=    4858  weighted=491.889  dt=1.833s
[ggHyyd      ] 11  mT>80GeV                        events=    4730  weighted=479.373  dt=1.856s
[ggHyyd      ] 12  VertexBDTScore>0.1              events=    3886  weighted=394.525  dt=1.872s
[ggHyyd      ] 13  16>met_tst_sig>7                events=    3127  weighted=318.471  dt=1.889s
[ggHyyd      ] 14  ph_eta<1.74                     events=    2739  weighted=279.185  dt=1.906s
[ggHyyd      ] 15  dphi_met_phterm>1.34            events=    2403  weighted=244.803  dt=1.922s
[ggHyyd      ] 16  41.9GeV>dmet>-17.9GeV           events=    2374  weighted=242.102  dt=1.939s
[ggHyyd      ] 17  dphi_jj_central<2.58            events=    2290  weighted=233.561  dt=1.958s
[ggHyyd      ] 18  dphi_met_jetterm<0.73           events=    2254  weighted=230.167  dt=1.977s
[ggHyyd      ] None-check met_tst_et: 0
[Zjets       ] 00  loaded                          events=11544081  weighted=1.7391e+06  dt=63.053s
[Zjets       ] 01  n_ph==1                         events= 4463818  weighted=828876  dt=63.304s
[Zjets       ] 02  truth e->gamma                  events= 3242488  weighted=674498  dt=63.856s
[Zjets       ] 03  n_mu_baseline==0                events= 3229462  weighted=673847  dt=64.319s
[Zjets       ] 04  n_el_baseline==0                events=  770339  weighted=199436  dt=64.478s
[Zjets       ] 05  n_tau_baseline==0               events=  729391  weighted=196129  dt=64.591s
[Zjets       ] 06  trigger==1                      events=   95006  weighted=6059.2  dt=64.627s
[Zjets       ] 07  ph_pt>50GeV                     events=   94607  weighted=6016.87  dt=64.759s
[Zjets       ] 08  MET>100GeV                      events=   14813  weighted=775.327  dt=64.772s
[Zjets       ] 09  n_jet_central<=3                events=    7940  weighted=681.041  dt=64.782s
[Zjets       ] 10  mT>80GeV                        events=    7481  weighted=669.827  dt=64.872s
[Zjets       ] 11  VertexBDTScore>0.1              events=    3638  weighted=103.815  dt=64.882s
[Zjets       ] 12  16>met_tst_sig>7                events=     542  weighted=27.6608  dt=64.891s
[Zjets       ] 13  ph_eta<1.74                     events=     259  weighted=10.0047  dt=64.938s
[Zjets       ] 14  dphi_met_phterm>1.34            events=     117  weighted=5.74461  dt=64.948s
[Zjets       ] 15  41.9GeV>dmet>-17.9GeV           events=     110  weighted=4.49467  dt=64.958s
[Zjets       ] 16  dphi_jj_central<2.58            events=      76  weighted=3.84063  dt=64.970s
[Zjets       ] 17  dphi_met_jetterm<0.73           events=      72  weighted=3.6878  dt=64.981s
[Zjets       ] None-check met_tst_et: 0
[Zgamma      ] 00  loaded                          events= 4341141  weighted=310120  dt=22.462s
[Zgamma      ] 01  n_ph==1                         events= 3423357  weighted=249516  dt=22.630s
[Zgamma      ] 02  n_mu_baseline==0                events= 3423357  weighted=249516  dt=22.751s
[Zgamma      ] 03  n_el_baseline==0                events= 3423357  weighted=249516  dt=22.872s
[Zgamma      ] 04  n_tau_baseline==0               events= 3233457  weighted=239841  dt=22.991s
[Zgamma      ] 05  trigger==1                      events= 2358497  weighted=109967  dt=23.090s
[Zgamma      ] 06  ph_pt>50GeV                     events= 2356368  weighted=109794  dt=23.503s
[Zgamma      ] 07  MET>100GeV                      events= 1789816  weighted=54244.5  dt=23.794s
[Zgamma      ] 08  n_jet_central<=3                events= 1639302  weighted=51087.4  dt=24.050s
[Zgamma      ] 09  mT>80GeV                        events= 1637543  weighted=51015.9  dt=24.507s
[Zgamma      ] 10  VertexBDTScore>0.1              events=  636216  weighted=15452.6  dt=24.644s
[Zgamma      ] 11  16>met_tst_sig>7                events=  329856  weighted=11064.8  dt=24.732s
[Zgamma      ] 12  ph_eta<1.74                     events=  259688  weighted=8554.82  dt=24.808s
[Zgamma      ] 13  dphi_met_phterm>1.34            events=   39645  weighted=1344.27  dt=24.842s
[Zgamma      ] 14  41.9GeV>dmet>-17.9GeV           events=   38609  weighted=1316.65  dt=24.862s
[Zgamma      ] 15  dphi_jj_central<2.58            events=   33936  weighted=1186.96  dt=24.887s
[Zgamma      ] 16  dphi_met_jetterm<0.73           events=   28107  weighted=1024.08  dt=24.911s
[Zgamma      ] None-check met_tst_et: 0
[Wgamma      ] 00  loaded                          events= 1772654  weighted=567687  dt=12.394s
[Wgamma      ] 01  n_ph==1                         events= 1308982  weighted=427790  dt=12.467s
[Wgamma      ] 02  n_mu_baseline==0                events= 1308982  weighted=427790  dt=12.523s
[Wgamma      ] 03  n_el_baseline==0                events= 1308982  weighted=427790  dt=12.577s
[Wgamma      ] 04  n_tau_baseline==0               events= 1109250  weighted=395396  dt=12.629s
[Wgamma      ] 05  trigger==1                      events=  521828  weighted=97547.7  dt=12.662s
[Wgamma      ] 06  ph_pt>50GeV                     events=  520958  weighted=97216.3  dt=12.758s
[Wgamma      ] 07  MET>100GeV                      events=  342184  weighted=40247.3  dt=12.822s
[Wgamma      ] 08  n_jet_central<=3                events=  282073  weighted=35614.7  dt=12.873s
[Wgamma      ] 09  mT>80GeV                        events=  278201  weighted=35147  dt=12.965s
[Wgamma      ] 10  VertexBDTScore>0.1              events=  150346  weighted=14461.9  dt=13.000s
[Wgamma      ] 11  16>met_tst_sig>7                events=   96927  weighted=10949.2  dt=13.031s
[Wgamma      ] 12  ph_eta<1.74                     events=   76675  weighted=8433.69  dt=13.064s
[Wgamma      ] 13  dphi_met_phterm>1.34            events=   25012  weighted=2597.78  dt=13.084s
[Wgamma      ] 14  41.9GeV>dmet>-17.9GeV           events=   24001  weighted=2494.94  dt=13.101s
[Wgamma      ] 15  dphi_jj_central<2.58            events=   20541  weighted=2262.22  dt=13.121s
[Wgamma      ] 16  dphi_met_jetterm<0.73           events=   17349  weighted=1984.88  dt=13.139s
[Wgamma      ] None-check met_tst_et: 0
[Wjets       ] 00  loaded                          events= 3041984  weighted=3.97429e+06  dt=19.253s
[Wjets       ] 01  n_ph==1                         events= 2230309  weighted=3.094e+06  dt=19.372s
[Wjets       ] 02  truth e->gamma                  events= 1962593  weighted=2.81157e+06  dt=19.713s
[Wjets       ] 03  n_mu_baseline==0                events= 1962593  weighted=2.81157e+06  dt=20.002s
[Wjets       ] 04  n_el_baseline==0                events= 1962593  weighted=2.81157e+06  dt=20.298s
[Wjets       ] 05  n_tau_baseline==0               events= 1937580  weighted=2.77947e+06  dt=20.591s
[Wjets       ] 06  trigger==1                      events=  287662  weighted=273664  dt=20.679s
[Wjets       ] 07  ph_pt>50GeV                     events=  286760  weighted=272169  dt=20.765s
[Wjets       ] 08  MET>100GeV                      events=  119227  weighted=50452.8  dt=20.801s
[Wjets       ] 09  n_jet_central<=3                events=   73933  weighted=46210.5  dt=20.831s
[Wjets       ] 10  mT>80GeV                        events=   56398  weighted=43051.9  dt=20.885s
[Wjets       ] 11  VertexBDTScore>0.1              events=   48111  weighted=18166  dt=20.903s
[Wjets       ] 12  16>met_tst_sig>7                events=   30299  weighted=12662.3  dt=20.922s
[Wjets       ] 13  ph_eta<1.74                     events=   16738  weighted=6113.02  dt=20.945s
[Wjets       ] 14  dphi_met_phterm>1.34            events=   14509  weighted=3134.7  dt=20.959s
[Wjets       ] 15  41.9GeV>dmet>-17.9GeV           events=   14089  weighted=3038.79  dt=20.973s
[Wjets       ] 16  dphi_jj_central<2.58            events=   12109  weighted=2856.83  dt=20.991s
[Wjets       ] 17  dphi_met_jetterm<0.73           events=   11912  weighted=2807.38  dt=21.006s
[Wjets       ] None-check met_tst_et: 0
[gammajet_direct] 00  loaded                          events=13721741  weighted=1.7273e+08  dt=51.975s
[gammajet_direct] 01  n_ph==1                         events=12921098  weighted=1.45885e+08  dt=52.427s
[gammajet_direct] 02  n_mu_baseline==0                events=12921098  weighted=1.45885e+08  dt=52.811s
[gammajet_direct] 03  n_el_baseline==0                events=12921098  weighted=1.45885e+08  dt=53.197s
[gammajet_direct] 04  n_tau_baseline==0               events=12807272  weighted=1.43291e+08  dt=53.579s
[gammajet_direct] 05  trigger==1                      events= 6956099  weighted=6.36735e+06  dt=53.839s
[gammajet_direct] 06  ph_pt>50GeV                     events= 6955806  weighted=6.34557e+06  dt=54.895s
[gammajet_direct] 07  MET>100GeV                      events= 1489230  weighted=947646  dt=55.256s
[gammajet_direct] 08  n_jet_central<=3                events= 1031214  weighted=905971  dt=55.440s
[gammajet_direct] 09  mT>80GeV                        events=  945796  weighted=902751  dt=55.771s
[gammajet_direct] 10  VertexBDTScore>0.1              events=  877581  weighted=52135.1  dt=55.911s
[gammajet_direct] 11  16>met_tst_sig>7                events=   57270  weighted=13336.7  dt=55.970s
[gammajet_direct] 12  ph_eta<1.74                     events=   54018  weighted=10403.2  dt=56.020s
[gammajet_direct] 13  dphi_met_phterm>1.34            events=    1209  weighted=268.628  dt=56.034s
[gammajet_direct] 14  41.9GeV>dmet>-17.9GeV           events=    1014  weighted=193.667  dt=56.045s
[gammajet_direct] 15  dphi_jj_central<2.58            events=     930  weighted=187.155  dt=56.058s
[gammajet_direct] 16  dphi_met_jetterm<0.73           events=     281  weighted=85.1943  dt=56.070s
[gammajet_direct] None-check met_tst_et: 0
[data23      ] 00  loaded                          events=19779010  weighted=2.1317e+08  dt=50.609s
[data23      ] 01  jet_faking_photon               events= 3384689  weighted=3.64932e+07  dt=52.815s
[data23      ] 02  n_ph_baseline==1                events= 3354286  weighted=3.61658e+07  dt=54.002s
[data23      ] 03  n_mu_baseline==0                events= 3354286  weighted=3.61658e+07  dt=55.192s
[data23      ] 04  n_el_baseline==0                events= 3354286  weighted=3.61658e+07  dt=56.420s
[data23      ] 05  n_tau_baseline==0               events= 3294169  weighted=3.55194e+07  dt=57.637s
[data23      ] 06  trigger==1                      events=  719136  weighted=7.73395e+06  dt=58.225s
[data23      ] 07  ph_pt>50GeV                     events=  713598  weighted=7.67279e+06  dt=59.332s
[data23      ] 08  MET>100GeV                      events=   93925  weighted=1.00948e+06  dt=59.726s
[data23      ] 09  n_jet_central<=3                events=   79778  weighted=857115  dt=59.941s
[data23      ] 10  mT>80GeV                        events=   79409  weighted=853096  dt=60.305s
[data23      ] 11  VertexBDTScore>0.1              events=   17148  weighted=184316  dt=60.436s
[data23      ] 12  16>met_tst_sig>7                events=    2675  weighted=28668.3  dt=60.611s
[data23      ] 13  ph_eta<1.74                     events=    2082  weighted=21900.3  dt=60.752s
[data23      ] 14  dphi_met_phterm>1.34            events=     292  weighted=3075.02  dt=60.824s
[data23      ] 15  41.9GeV>dmet>-17.9GeV           events=     263  weighted=2772.67  dt=60.892s
[data23      ] 16  dphi_jj_central<2.58            events=     234  weighted=2466.39  dt=60.958s
[data23      ] 17  dphi_met_jetterm<0.73           events=     208  weighted=2195.31  dt=61.023s
[data23      ] None-check met_tst_et: 0
