
==== Cutflow run 20250915_134634 ====
[ggHyyd      ] 00  loaded                          events=  225374  weighted=4373.65  dt=2.542s
[ggHyyd      ] 01  n_ph==1                         events=  195671  weighted=3812.95  dt=2.561s
[ggHyyd      ] 02  pv_z exists                     events=  195671  weighted=3812.95  dt=2.579s
[ggHyyd      ] 03  goodPV                          events=   86910  weighted=1666.81  dt=2.617s
[ggHyyd      ] 04  n_mu_baseline==0                events=   86910  weighted=1666.81  dt=2.646s
[ggHyyd      ] 05  n_el_baseline==0                events=   86910  weighted=1666.81  dt=2.675s
[ggHyyd      ] 06  n_tau_baseline==0               events=   85912  weighted=1647.27  dt=2.703s
[ggHyyd      ] 07  trigger==1                      events=   25430  weighted=493.269  dt=2.724s
[ggHyyd      ] 08  ph_pt>=50GeV                    events=   25370  weighted=492.097  dt=2.746s
[ggHyyd      ] 09  MET>=100GeV                     events=    5628  weighted=108.536  dt=2.763s
[ggHyyd      ] 10  n_jet_central<=3                events=    4858  weighted=93.8873  dt=2.779s
[ggHyyd      ] 11  mT>=100GeV                      events=    4163  weighted=80.2741  dt=2.801s
[ggHyyd      ] 12  VertexBDTScore>0.1              events=    3334  weighted=64.3549  dt=2.817s
[ggHyyd      ] 13  met_tst_sig>6                   events=    2927  weighted=56.7924  dt=2.832s
[ggHyyd      ] 14  ph_eta<1.75                     events=    2561  weighted=49.806  dt=2.848s
[ggHyyd      ] 15  dphi_met_phterm>1.25            events=    2264  weighted=44.0207  dt=2.865s
[ggHyyd      ] 16  dmet>-10GeV                     events=    2193  weighted=42.6788  dt=2.880s
[ggHyyd      ] 17  dphi_jj_central<2.5             events=    2193  weighted=42.6788  dt=2.901s
[ggHyyd      ] 18  dphi_met_jetterm<0.75           events=    2148  weighted=41.8698  dt=2.920s
[ggHyyd      ] None-check met_tst_et: 0
[Zjets       ] 00  loaded                          events=11544081  weighted=330316  dt=40.456s
[Zjets       ] 01  n_ph==1                         events= 4463818  weighted=157995  dt=40.661s
[Zjets       ] 02  truth e->gamma                  events= 3242488  weighted=128819  dt=41.183s
[Zjets       ] 03  n_mu_baseline==0                events= 3229462  weighted=128691  dt=41.624s
[Zjets       ] 04  n_el_baseline==0                events=  770339  weighted=38063.3  dt=41.777s
[Zjets       ] 05  n_tau_baseline==0               events=  729391  weighted=37432.8  dt=41.883s
[Zjets       ] 06  trigger==1                      events=   95006  weighted=1156.53  dt=41.917s
[Zjets       ] 07  ph_pt>=50GeV                    events=   94607  weighted=1148.45  dt=42.002s
[Zjets       ] 08  MET>=100GeV                     events=   14813  weighted=147.987  dt=42.015s
[Zjets       ] 09  n_jet_central<=3                events=    7940  weighted=129.991  dt=42.026s
[Zjets       ] 10  mT>=100GeV                      events=    7227  weighted=126.37  dt=42.107s
[Zjets       ] 11  VertexBDTScore>0.1              events=    3416  weighted=18.7044  dt=42.116s
[Zjets       ] 12  met_tst_sig>6                   events=     756  weighted=6.53758  dt=42.125s
[Zjets       ] 13  ph_eta<1.75                     events=     348  weighted=2.81444  dt=42.167s
[Zjets       ] 14  dphi_met_phterm>1.25            events=     118  weighted=0.913077  dt=42.177s
[Zjets       ] 15  dmet>-10GeV                     events=     111  weighted=0.71039  dt=42.186s
[Zjets       ] 16  dphi_jj_central<2.5             events=     111  weighted=0.71039  dt=42.281s
[Zjets       ] 17  dphi_met_jetterm<0.75           events=     101  weighted=0.665381  dt=42.292s
[Zjets       ] None-check met_tst_et: 0
[Zgamma      ] 00  loaded                          events= 4341141  weighted=59228  dt=12.050s
[Zgamma      ] 01  n_ph==1                         events= 3423357  weighted=47608.3  dt=12.192s
[Zgamma      ] 02  n_mu_baseline==0                events= 3423357  weighted=47608.3  dt=12.305s
[Zgamma      ] 03  n_el_baseline==0                events= 3423357  weighted=47608.3  dt=12.417s
[Zgamma      ] 04  n_tau_baseline==0               events= 3233457  weighted=45769  dt=12.525s
[Zgamma      ] 05  trigger==1                      events= 2358497  weighted=20987.2  dt=12.614s
[Zgamma      ] 06  ph_pt>=50GeV                    events= 2356368  weighted=20954  dt=12.991s
[Zgamma      ] 07  MET>=100GeV                     events= 1789818  weighted=10352.7  dt=13.265s
[Zgamma      ] 08  n_jet_central<=3                events= 1639304  weighted=9750.42  dt=13.502s
[Zgamma      ] 09  mT>=100GeV                      events= 1632018  weighted=9687.88  dt=13.913s
[Zgamma      ] 10  VertexBDTScore>0.1              events=  630891  weighted=2903.49  dt=14.037s
[Zgamma      ] 11  met_tst_sig>6                   events=  607746  weighted=2769.82  dt=14.130s
[Zgamma      ] 12  ph_eta<1.75                     events=  489420  weighted=2162.01  dt=14.231s
[Zgamma      ] 13  dphi_met_phterm>1.25            events=   59876  weighted=313.404  dt=14.282s
[Zgamma      ] 14  dmet>-10GeV                     events=   57353  weighted=302.252  dt=14.304s
[Zgamma      ] 15  dphi_jj_central<2.5             events=   57353  weighted=302.252  dt=14.373s
[Zgamma      ] 16  dphi_met_jetterm<0.75           events=   46946  weighted=251.912  dt=14.399s
[Zgamma      ] None-check met_tst_et: 0
[Wgamma      ] 00  loaded                          events= 1772654  weighted=108357  dt=5.991s
[Wgamma      ] 01  n_ph==1                         events= 1308982  weighted=81652.6  dt=6.055s
[Wgamma      ] 02  n_mu_baseline==0                events= 1308982  weighted=81652.6  dt=6.105s
[Wgamma      ] 03  n_el_baseline==0                events= 1308982  weighted=81652.6  dt=6.154s
[Wgamma      ] 04  n_tau_baseline==0               events= 1109250  weighted=75471.3  dt=6.199s
[Wgamma      ] 05  trigger==1                      events=  521828  weighted=18619.2  dt=6.228s
[Wgamma      ] 06  ph_pt>=50GeV                    events=  520958  weighted=18555.9  dt=6.319s
[Wgamma      ] 07  MET>=100GeV                     events=  342184  weighted=7682.01  dt=6.377s
[Wgamma      ] 08  n_jet_central<=3                events=  282073  weighted=6797.77  dt=6.423s
[Wgamma      ] 09  mT>=100GeV                      events=  271010  weighted=6536.43  dt=6.506s
[Wgamma      ] 10  VertexBDTScore>0.1              events=  143487  weighted=2599.13  dt=6.538s
[Wgamma      ] 11  met_tst_sig>6                   events=  131635  weighted=2367.83  dt=6.564s
[Wgamma      ] 12  ph_eta<1.75                     events=  106259  weighted=1846.81  dt=6.596s
[Wgamma      ] 13  dphi_met_phterm>1.25            events=   30233  weighted=519.167  dt=6.617s
[Wgamma      ] 14  dmet>-10GeV                     events=   28398  weighted=487.885  dt=6.632s
[Wgamma      ] 15  dphi_jj_central<2.5             events=   28398  weighted=487.885  dt=6.670s
[Wgamma      ] 16  dphi_met_jetterm<0.75           events=   23412  weighted=411.188  dt=6.688s
[Wgamma      ] None-check met_tst_et: 0
[Wjets       ] 00  loaded                          events= 3041984  weighted=757999  dt=9.785s
[Wjets       ] 01  n_ph==1                         events= 2230309  weighted=590413  dt=9.887s
[Wjets       ] 02  truth e->gamma                  events= 1962593  weighted=536681  dt=10.189s
[Wjets       ] 03  n_mu_baseline==0                events= 1962593  weighted=536681  dt=10.466s
[Wjets       ] 04  n_el_baseline==0                events= 1962593  weighted=536681  dt=10.744s
[Wjets       ] 05  n_tau_baseline==0               events= 1937580  weighted=530624  dt=11.018s
[Wjets       ] 06  trigger==1                      events=  287662  weighted=52234.1  dt=11.101s
[Wjets       ] 07  ph_pt>=50GeV                    events=  286760  weighted=51948.6  dt=11.176s
[Wjets       ] 08  MET>=100GeV                     events=  119227  weighted=9629.9  dt=11.208s
[Wjets       ] 09  n_jet_central<=3                events=   73933  weighted=8820.19  dt=11.231s
[Wjets       ] 10  mT>=100GeV                      events=   32016  weighted=7195.54  dt=11.277s
[Wjets       ] 11  VertexBDTScore>0.1              events=   24678  weighted=2507.05  dt=11.291s
[Wjets       ] 12  met_tst_sig>6                   events=   17698  weighted=2182.93  dt=11.303s
[Wjets       ] 13  ph_eta<1.75                     events=   10052  weighted=1061.43  dt=11.323s
[Wjets       ] 14  dphi_met_phterm>1.25            events=    6979  weighted=271.98  dt=11.335s
[Wjets       ] 15  dmet>-10GeV                     events=    6568  weighted=257.521  dt=11.345s
[Wjets       ] 16  dphi_jj_central<2.5             events=    6568  weighted=257.521  dt=11.386s
[Wjets       ] 17  dphi_met_jetterm<0.75           events=    6252  weighted=246.238  dt=11.400s
[Wjets       ] None-check met_tst_et: 0
[gammajet_direct] 00  loaded                          events=13721741  weighted=3.28087e+07  dt=75.456s
[gammajet_direct] 01  n_ph==1                         events=12921098  weighted=2.78226e+07  dt=75.923s
[gammajet_direct] 02  n_mu_baseline==0                events=12921098  weighted=2.78226e+07  dt=76.325s
[gammajet_direct] 03  n_el_baseline==0                events=12921098  weighted=2.78226e+07  dt=76.707s
[gammajet_direct] 04  n_tau_baseline==0               events=12807272  weighted=2.73442e+07  dt=77.101s
[gammajet_direct] 05  trigger==1                      events= 6956099  weighted=1.21601e+06  dt=77.382s
[gammajet_direct] 06  ph_pt>=50GeV                    events= 6955806  weighted=1.21186e+06  dt=78.481s
[gammajet_direct] 07  MET>=100GeV                     events= 1489231  weighted=180778  dt=78.871s
[gammajet_direct] 08  n_jet_central<=3                events= 1031215  weighted=172829  dt=79.067s
[gammajet_direct] 09  mT>=100GeV                      events=  929062  weighted=172051  dt=79.438s
[gammajet_direct] 10  VertexBDTScore>0.1              events=  860955  weighted=9868.46  dt=79.589s
[gammajet_direct] 11  met_tst_sig>6                   events=   93753  weighted=3382.08  dt=79.636s
[gammajet_direct] 12  ph_eta<1.75                     events=   88483  weighted=2692.59  dt=79.698s
[gammajet_direct] 13  dphi_met_phterm>1.25            events=    2429  weighted=102.143  dt=79.715s
[gammajet_direct] 14  dmet>-10GeV                     events=    1990  weighted=84.1867  dt=79.724s
[gammajet_direct] 15  dphi_jj_central<2.5             events=    1990  weighted=84.1867  dt=79.841s
[gammajet_direct] 16  dphi_met_jetterm<0.75           events=     805  weighted=49.3659  dt=79.853s
[gammajet_direct] None-check met_tst_et: 0
[data23      ] 00  loaded                          events=19779010  weighted=4.06878e+07  dt=54.089s
[data23      ] 01  jet_faking_photon               events= 3384689  weighted=6.96548e+06  dt=56.374s
[data23      ] 02  n_ph_baseline==1                events= 3354286  weighted=6.90297e+06  dt=57.509s
[data23      ] 03  n_mu_baseline==0                events= 3354286  weighted=6.90297e+06  dt=58.627s
[data23      ] 04  n_el_baseline==0                events= 3354286  weighted=6.90297e+06  dt=59.759s
[data23      ] 05  n_tau_baseline==0               events= 3294169  weighted=6.7796e+06  dt=60.856s
[data23      ] 06  trigger==1                      events=  719136  weighted=1.47618e+06  dt=61.221s
[data23      ] 07  ph_pt>=50GeV                    events=  713598  weighted=1.46451e+06  dt=61.623s
[data23      ] 08  MET>=100GeV                     events=   93925  weighted=192681  dt=61.726s
[data23      ] 09  n_jet_central<=3                events=   79778  weighted=163598  dt=61.810s
[data23      ] 10  mT>=100GeV                      events=   78923  weighted=161830  dt=61.993s
[data23      ] 11  VertexBDTScore>0.1              events=   16806  weighted=34480.9  dt=62.070s
[data23      ] 12  met_tst_sig>6                   events=    4102  weighted=8390.87  dt=62.134s
[data23      ] 13  ph_eta<1.75                     events=    3231  weighted=6490.39  dt=62.240s
[data23      ] 14  dphi_met_phterm>1.25            events=     375  weighted=760.35  dt=62.303s
[data23      ] 15  dmet>-10GeV                     events=     327  weighted=663.63  dt=62.365s
[data23      ] 16  dphi_jj_central<2.5             events=     327  weighted=663.63  dt=62.612s
[data23      ] 17  dphi_met_jetterm<0.75           events=     277  weighted=562.33  dt=62.677s
[data23      ] None-check met_tst_et: 0
