Py:AutoConfigFlags    INFO Obtaining metadata of auto-configuration by peeking into '/home/jlai/itk_data/RDO.33629030._000052.pool.root.1'
Py:MetaReader        INFO Current mode used: lite
Py:MetaReader        INFO Current filenames: ['/home/jlai/itk_data/RDO.33629030._000052.pool.root.1']
Py:MetaReader        INFO MetaReader is called with the parameter "unique_tag_info_values" set to True. This is a workaround to remove all duplicate values from "/TagInfo" key
Traceback (most recent call last):
  File "<frozen runpy>", line 198, in _run_module_as_main
  File "<frozen runpy>", line 88, in _run_code
  File "/home/jlai/build/x86_64-el9-gcc14-opt/python/EFTrackingFPGAIntegration/DataPrepConfig.py", line 59, in <module>
    acc = DataPrepCfg(flags, **kwarg)
          ^^^^^^^^^^^^^^^^^^^^^^^^^^^
  File "/home/jlai/build/x86_64-el9-gcc14-opt/python/EFTrackingFPGAIntegration/DataPrepConfig.py", line 24, in DataPrepCfg
    tool = acc.popToolsAndMerge(xAODContainerMakerCfg(flags))
                                ^^^^^^^^^^^^^^^^^^^^^^^^^^^^
  File "/home/jlai/build/x86_64-el9-gcc14-opt/python/EFTrackingFPGAIntegration/DataPrepConfig.py", line 17, in xAODContainerMakerCfg
    acc.setPrivateTools(CompFactory.xAODContainerMaker(**kwarg))
                        ^^^^^^^^^^^^^^^^^^^^^^^^^^^^^^
  File "/cvmfs/atlas-nightlies.cern.ch/repo/sw/main_Athena_x86_64-el9-gcc14-opt/2024-11-18T2101/Athena/25.0.22/InstallArea/x86_64-el9-gcc14-opt/python/AthenaConfiguration/ComponentFactory.py", line 31, in __getattr__
    return getattr(cfg2, name) if isComponentAccumulatorCfg() else _getConf1(name)
           ^^^^^^^^^^^^^^^^^^^
  File "/cvmfs/atlas-nightlies.cern.ch/repo/sw/main_Athena_x86_64-el9-gcc14-opt/2024-11-18T2101/AthenaExternals/25.0.22/InstallArea/x86_64-el9-gcc14-opt/python/GaudiConfig2/_db.py", line 186, in __getattr__
    raise AttributeError(
AttributeError: module 'GaudiConfig2.Configurables' has no attribute 'xAODContainerMaker'
