
==== Cutflow run 20250919_233848 ====
[ggHyyd      ] 00  loaded                          events=  225374  weighted=22918.5  dt=1.626s
[ggHyyd      ] 01  n_ph==1                         events=  195671  weighted=19979.1  dt=1.647s
[ggHyyd      ] 02  pv_z exists                     events=  195671  weighted=19979.1  dt=1.667s
[ggHyyd      ] 03  goodPV                          events=   86910  weighted=8732.76  dt=1.710s
[ggHyyd      ] 04  n_mu_baseline==0                events=   86910  weighted=8732.76  dt=1.742s
[ggHyyd      ] 05  n_el_baseline==0                events=   86910  weighted=8732.76  dt=1.773s
[ggHyyd      ] 06  n_tau_baseline==0               events=   85912  weighted=8630.4  dt=1.805s
[ggHyyd      ] 07  trigger==1                      events=   25430  weighted=2584.31  dt=1.826s
[ggHyyd      ] 08  ph_pt>50GeV                     events=   25370  weighted=2578.16  dt=1.849s
[ggHyyd      ] 09  MET>100GeV                      events=    5628  weighted=568.633  dt=1.865s
[ggHyyd      ] 10  n_jet_central<=3                events=    4858  weighted=491.889  dt=1.881s
[ggHyyd      ] 11  mT>80GeV                        events=    4730  weighted=479.373  dt=1.903s
[ggHyyd      ] 12  VertexBDTScore>0.1              events=    3886  weighted=394.525  dt=1.919s
[ggHyyd      ] 13  met_tst_sig>7                   events=    3138  weighted=319.535  dt=1.934s
[ggHyyd      ] 14  ph_eta<1.74                     events=    2750  weighted=280.248  dt=1.950s
[ggHyyd      ] 15  dphi_met_phterm>1.35            events=    2408  weighted=245.169  dt=1.966s
[ggHyyd      ] 16  dmet>-17.9GeV                   events=    2379  weighted=242.467  dt=1.981s
[ggHyyd      ] 17  dphi_jj_central<2.58            events=    2296  weighted=234.048  dt=2.000s
[ggHyyd      ] 18  dphi_met_jetterm<0.73           events=    2260  weighted=230.654  dt=2.017s
[ggHyyd      ] None-check met_tst_et: 0
[Zjets       ] 00  loaded                          events=11544081  weighted=1.7391e+06  dt=60.018s
[Zjets       ] 01  n_ph==1                         events= 4463818  weighted=828876  dt=60.264s
[Zjets       ] 02  truth e->gamma                  events= 3242488  weighted=674498  dt=60.826s
[Zjets       ] 03  n_mu_baseline==0                events= 3229462  weighted=673847  dt=61.293s
[Zjets       ] 04  n_el_baseline==0                events=  770339  weighted=199436  dt=61.451s
[Zjets       ] 05  n_tau_baseline==0               events=  729391  weighted=196129  dt=61.559s
[Zjets       ] 06  trigger==1                      events=   95006  weighted=6059.2  dt=61.595s
[Zjets       ] 07  ph_pt>50GeV                     events=   94607  weighted=6016.87  dt=61.694s
[Zjets       ] 08  MET>100GeV                      events=   14813  weighted=775.327  dt=61.707s
[Zjets       ] 09  n_jet_central<=3                events=    7940  weighted=681.041  dt=61.718s
[Zjets       ] 10  mT>80GeV                        events=    7481  weighted=669.827  dt=61.805s
[Zjets       ] 11  VertexBDTScore>0.1              events=    3638  weighted=103.815  dt=61.814s
[Zjets       ] 12  met_tst_sig>7                   events=     554  weighted=29.2636  dt=61.823s
[Zjets       ] 13  ph_eta<1.74                     events=     269  weighted=11.5271  dt=61.866s
[Zjets       ] 14  dphi_met_phterm>1.35            events=     121  weighted=5.76536  dt=61.876s
[Zjets       ] 15  dmet>-17.9GeV                   events=     114  weighted=4.51543  dt=61.885s
[Zjets       ] 16  dphi_jj_central<2.58            events=      79  weighted=3.86062  dt=61.897s
[Zjets       ] 17  dphi_met_jetterm<0.73           events=      75  weighted=3.70779  dt=61.908s
[Zjets       ] None-check met_tst_et: 0
[Zgamma      ] 00  loaded                          events= 4341141  weighted=310120  dt=23.084s
[Zgamma      ] 01  n_ph==1                         events= 3423357  weighted=249516  dt=23.248s
[Zgamma      ] 02  n_mu_baseline==0                events= 3423357  weighted=249516  dt=23.371s
[Zgamma      ] 03  n_el_baseline==0                events= 3423357  weighted=249516  dt=23.492s
[Zgamma      ] 04  n_tau_baseline==0               events= 3233457  weighted=239841  dt=23.612s
[Zgamma      ] 05  trigger==1                      events= 2358497  weighted=109967  dt=23.713s
[Zgamma      ] 06  ph_pt>50GeV                     events= 2356368  weighted=109794  dt=24.121s
[Zgamma      ] 07  MET>100GeV                      events= 1789816  weighted=54244.5  dt=24.410s
[Zgamma      ] 08  n_jet_central<=3                events= 1639302  weighted=51087.4  dt=24.671s
[Zgamma      ] 09  mT>80GeV                        events= 1637543  weighted=51015.9  dt=25.134s
[Zgamma      ] 10  VertexBDTScore>0.1              events=  636216  weighted=15452.6  dt=25.268s
[Zgamma      ] 11  met_tst_sig>7                   events=  597527  weighted=14214  dt=25.364s
[Zgamma      ] 12  ph_eta<1.74                     events=  478756  weighted=11043  dt=25.472s
[Zgamma      ] 13  dphi_met_phterm>1.35            events=   52726  weighted=1425.5  dt=25.521s
[Zgamma      ] 14  dmet>-17.9GeV                   events=   51442  weighted=1397.69  dt=25.543s
[Zgamma      ] 15  dphi_jj_central<2.58            events=   45551  weighted=1259.9  dt=25.571s
[Zgamma      ] 16  dphi_met_jetterm<0.73           events=   38446  weighted=1088.57  dt=25.595s
[Zgamma      ] None-check met_tst_et: 0
[Wgamma      ] 00  loaded                          events= 1772654  weighted=567687  dt=11.891s
[Wgamma      ] 01  n_ph==1                         events= 1308982  weighted=427790  dt=11.967s
[Wgamma      ] 02  n_mu_baseline==0                events= 1308982  weighted=427790  dt=12.025s
[Wgamma      ] 03  n_el_baseline==0                events= 1308982  weighted=427790  dt=12.083s
[Wgamma      ] 04  n_tau_baseline==0               events= 1109250  weighted=395396  dt=12.132s
[Wgamma      ] 05  trigger==1                      events=  521828  weighted=97547.7  dt=12.164s
[Wgamma      ] 06  ph_pt>50GeV                     events=  520958  weighted=97216.3  dt=12.259s
[Wgamma      ] 07  MET>100GeV                      events=  342184  weighted=40247.3  dt=12.322s
[Wgamma      ] 08  n_jet_central<=3                events=  282073  weighted=35614.7  dt=12.370s
[Wgamma      ] 09  mT>80GeV                        events=  278201  weighted=35147  dt=12.461s
[Wgamma      ] 10  VertexBDTScore>0.1              events=  150346  weighted=14461.9  dt=12.496s
[Wgamma      ] 11  met_tst_sig>7                   events=  130382  weighted=12351.2  dt=12.524s
[Wgamma      ] 12  ph_eta<1.74                     events=  104395  weighted=9559.43  dt=12.558s
[Wgamma      ] 13  dphi_met_phterm>1.35            events=   29701  weighted=2693  dt=12.580s
[Wgamma      ] 14  dmet>-17.9GeV                   events=   28506  weighted=2588.86  dt=12.595s
[Wgamma      ] 15  dphi_jj_central<2.58            events=   24457  weighted=2346.38  dt=12.616s
[Wgamma      ] 16  dphi_met_jetterm<0.73           events=   20806  weighted=2059.68  dt=12.634s
[Wgamma      ] None-check met_tst_et: 0
[Wjets       ] 00  loaded                          events= 3041984  weighted=3.97429e+06  dt=19.451s
[Wjets       ] 01  n_ph==1                         events= 2230309  weighted=3.094e+06  dt=19.560s
[Wjets       ] 02  truth e->gamma                  events= 1962593  weighted=2.81157e+06  dt=19.882s
[Wjets       ] 03  n_mu_baseline==0                events= 1962593  weighted=2.81157e+06  dt=20.179s
[Wjets       ] 04  n_el_baseline==0                events= 1962593  weighted=2.81157e+06  dt=20.478s
[Wjets       ] 05  n_tau_baseline==0               events= 1937580  weighted=2.77947e+06  dt=20.772s
[Wjets       ] 06  trigger==1                      events=  287662  weighted=273664  dt=20.861s
[Wjets       ] 07  ph_pt>50GeV                     events=  286760  weighted=272169  dt=20.940s
[Wjets       ] 08  MET>100GeV                      events=  119227  weighted=50452.8  dt=20.975s
[Wjets       ] 09  n_jet_central<=3                events=   73933  weighted=46210.5  dt=21.000s
[Wjets       ] 10  mT>80GeV                        events=   56398  weighted=43051.9  dt=21.053s
[Wjets       ] 11  VertexBDTScore>0.1              events=   48111  weighted=18166  dt=21.071s
[Wjets       ] 12  met_tst_sig>7                   events=   32166  weighted=14647.9  dt=21.087s
[Wjets       ] 13  ph_eta<1.74                     events=   17991  weighted=7146.09  dt=21.110s
[Wjets       ] 14  dphi_met_phterm>1.35            events=   15046  weighted=3151.58  dt=21.125s
[Wjets       ] 15  dmet>-17.9GeV                   events=   14639  weighted=3060.58  dt=21.137s
[Wjets       ] 16  dphi_jj_central<2.58            events=   12604  weighted=2877.73  dt=21.154s
[Wjets       ] 17  dphi_met_jetterm<0.73           events=   12390  weighted=2826.29  dt=21.170s
[Wjets       ] None-check met_tst_et: 0
[gammajet_direct] 00  loaded                          events=13721741  weighted=1.7273e+08  dt=55.935s
[gammajet_direct] 01  n_ph==1                         events=12921098  weighted=1.45885e+08  dt=56.383s
[gammajet_direct] 02  n_mu_baseline==0                events=12921098  weighted=1.45885e+08  dt=56.776s
[gammajet_direct] 03  n_el_baseline==0                events=12921098  weighted=1.45885e+08  dt=57.154s
[gammajet_direct] 04  n_tau_baseline==0               events=12807272  weighted=1.43291e+08  dt=57.544s
[gammajet_direct] 05  trigger==1                      events= 6956099  weighted=6.36735e+06  dt=57.807s
[gammajet_direct] 06  ph_pt>50GeV                     events= 6955806  weighted=6.34557e+06  dt=58.841s
[gammajet_direct] 07  MET>100GeV                      events= 1489230  weighted=947646  dt=59.207s
[gammajet_direct] 08  n_jet_central<=3                events= 1031214  weighted=905971  dt=59.388s
[gammajet_direct] 09  mT>80GeV                        events=  945796  weighted=902751  dt=59.721s
[gammajet_direct] 10  VertexBDTScore>0.1              events=  877581  weighted=52135.1  dt=59.864s
[gammajet_direct] 11  met_tst_sig>7                   events=   61107  weighted=13516.2  dt=59.902s
[gammajet_direct] 12  ph_eta<1.74                     events=   57757  weighted=10554.7  dt=59.954s
[gammajet_direct] 13  dphi_met_phterm>1.35            events=    1254  weighted=268.928  dt=59.968s
[gammajet_direct] 14  dmet>-17.9GeV                   events=    1053  weighted=193.91  dt=59.977s
[gammajet_direct] 15  dphi_jj_central<2.58            events=     966  weighted=187.398  dt=59.990s
[gammajet_direct] 16  dphi_met_jetterm<0.73           events=     295  weighted=85.3266  dt=60.001s
[gammajet_direct] None-check met_tst_et: 0
[data23      ] 00  loaded                          events=19779010  weighted=2.1317e+08  dt=49.306s
[data23      ] 01  jet_faking_photon               events= 3384689  weighted=3.64932e+07  dt=51.736s
[data23      ] 02  n_ph_baseline==1                events= 3354286  weighted=3.61658e+07  dt=52.935s
[data23      ] 03  n_mu_baseline==0                events= 3354286  weighted=3.61658e+07  dt=54.151s
[data23      ] 04  n_el_baseline==0                events= 3354286  weighted=3.61658e+07  dt=55.341s
[data23      ] 05  n_tau_baseline==0               events= 3294169  weighted=3.55194e+07  dt=56.532s
[data23      ] 06  trigger==1                      events=  719136  weighted=7.73395e+06  dt=56.916s
[data23      ] 07  ph_pt>50GeV                     events=  713598  weighted=7.67279e+06  dt=57.363s
[data23      ] 08  MET>100GeV                      events=   93925  weighted=1.00948e+06  dt=57.482s
[data23      ] 09  n_jet_central<=3                events=   79778  weighted=857115  dt=57.583s
[data23      ] 10  mT>80GeV                        events=   79409  weighted=853096  dt=57.803s
[data23      ] 11  VertexBDTScore>0.1              events=   17148  weighted=184316  dt=57.883s
[data23      ] 12  met_tst_sig>7                   events=    2753  weighted=29491.2  dt=57.956s
[data23      ] 13  ph_eta<1.74                     events=    2150  weighted=22610.8  dt=58.081s
[data23      ] 14  dphi_met_phterm>1.35            events=     297  weighted=3128.72  dt=58.154s
[data23      ] 15  dmet>-17.9GeV                   events=     269  weighted=2837.58  dt=58.225s
[data23      ] 16  dphi_jj_central<2.58            events=     238  weighted=2509.66  dt=58.300s
[data23      ] 17  dphi_met_jetterm<0.73           events=     212  weighted=2238.59  dt=58.375s
[data23      ] None-check met_tst_et: 0
