
==== Cutflow run 20250917_183431 ====
[ggHyyd      ] 00  loaded                          events=  225374  weighted=22918.5  dt=3.187s
[ggHyyd      ] 01  n_ph==1                         events=  195671  weighted=19979.1  dt=3.208s
[ggHyyd      ] 02  pv_z exists                     events=  195671  weighted=19979.1  dt=3.227s
[ggHyyd      ] 03  goodPV                          events=   86910  weighted=8732.76  dt=3.270s
[ggHyyd      ] 04  n_mu_baseline==0                events=   86910  weighted=8732.76  dt=3.302s
[ggHyyd      ] 05  n_el_baseline==0                events=   86910  weighted=8732.76  dt=3.334s
[ggHyyd      ] 06  n_tau_baseline==0               events=   85912  weighted=8630.4  dt=3.366s
[ggHyyd      ] 07  trigger==1                      events=   25430  weighted=2584.31  dt=3.387s
[ggHyyd      ] 08  ph_pt>50GeV                     events=   25370  weighted=2578.16  dt=3.409s
[ggHyyd      ] 09  MET>100GeV                      events=    5628  weighted=568.633  dt=3.427s
[ggHyyd      ] 10  n_jet_central<=3                events=    4858  weighted=491.889  dt=3.442s
[ggHyyd      ] 11  140>mT>100GeV                   events=    2866  weighted=290.678  dt=3.466s
[ggHyyd      ] 12  VertexBDTScore>0.1              events=    2646  weighted=268.245  dt=3.481s
[ggHyyd      ] 13  met_tst_sig>7                   events=    2269  weighted=229.917  dt=3.496s
[ggHyyd      ] 14  ph_eta<1.74                     events=    1985  weighted=201.35  dt=3.512s
[ggHyyd      ] 15  dphi_met_phterm>1.23            events=    1894  weighted=192.589  dt=3.529s
[ggHyyd      ] 16  dmet>-21GeV                     events=    1882  weighted=191.513  dt=3.544s
[ggHyyd      ] 17  dphi_jj_central<2.37            events=    1785  weighted=182.217  dt=3.563s
[ggHyyd      ] 18  dphi_met_jetterm<0.73           events=    1775  weighted=181.287  dt=3.581s
[ggHyyd      ] None-check met_tst_et: 0
[Zjets       ] 00  loaded                          events=11544081  weighted=1.7391e+06  dt=74.002s
[Zjets       ] 01  n_ph==1                         events= 4463818  weighted=828876  dt=74.258s
[Zjets       ] 02  truth e->gamma                  events= 3242488  weighted=674498  dt=74.822s
[Zjets       ] 03  n_mu_baseline==0                events= 3229462  weighted=673847  dt=75.292s
[Zjets       ] 04  n_el_baseline==0                events=  770339  weighted=199436  dt=75.454s
[Zjets       ] 05  n_tau_baseline==0               events=  729391  weighted=196129  dt=75.563s
[Zjets       ] 06  trigger==1                      events=   95006  weighted=6059.2  dt=75.598s
[Zjets       ] 07  ph_pt>50GeV                     events=   94607  weighted=6016.87  dt=75.695s
[Zjets       ] 08  MET>100GeV                      events=   14813  weighted=775.327  dt=75.708s
[Zjets       ] 09  n_jet_central<=3                events=    7940  weighted=681.041  dt=75.718s
[Zjets       ] 10  140>mT>100GeV                   events=     532  weighted=34.804  dt=75.795s
[Zjets       ] 11  VertexBDTScore>0.1              events=     383  weighted=16.8281  dt=75.804s
[Zjets       ] 12  met_tst_sig>7                   events=      74  weighted=3.85827  dt=75.812s
[Zjets       ] 13  ph_eta<1.74                     events=      41  weighted=2.9558  dt=75.851s
[Zjets       ] 14  dphi_met_phterm>1.23            events=      39  weighted=2.85536  dt=75.861s
[Zjets       ] 15  dmet>-21GeV                     events=      37  weighted=1.9495  dt=75.870s
[Zjets       ] 16  dphi_jj_central<2.37            events=      28  weighted=1.45462  dt=75.882s
[Zjets       ] 17  dphi_met_jetterm<0.73           events=      28  weighted=1.45462  dt=75.893s
[Zjets       ] None-check met_tst_et: 0
[Zgamma      ] 00  loaded                          events= 4341141  weighted=310120  dt=27.105s
[Zgamma      ] 01  n_ph==1                         events= 3423357  weighted=249516  dt=27.265s
[Zgamma      ] 02  n_mu_baseline==0                events= 3423357  weighted=249516  dt=27.390s
[Zgamma      ] 03  n_el_baseline==0                events= 3423357  weighted=249516  dt=27.513s
[Zgamma      ] 04  n_tau_baseline==0               events= 3233457  weighted=239841  dt=27.634s
[Zgamma      ] 05  trigger==1                      events= 2358497  weighted=109967  dt=27.735s
[Zgamma      ] 06  ph_pt>50GeV                     events= 2356368  weighted=109794  dt=28.146s
[Zgamma      ] 07  MET>100GeV                      events= 1789816  weighted=54244.5  dt=28.435s
[Zgamma      ] 08  n_jet_central<=3                events= 1639302  weighted=51087.4  dt=28.691s
[Zgamma      ] 09  140>mT>100GeV                   events=   21357  weighted=1156.58  dt=28.985s
[Zgamma      ] 10  VertexBDTScore>0.1              events=   19491  weighted=1002.7  dt=28.998s
[Zgamma      ] 11  met_tst_sig>7                   events=   16868  weighted=842.496  dt=29.010s
[Zgamma      ] 12  ph_eta<1.74                     events=   13012  weighted=656.599  dt=29.034s
[Zgamma      ] 13  dphi_met_phterm>1.23            events=   12026  weighted=561.565  dt=29.047s
[Zgamma      ] 14  dmet>-21GeV                     events=   11881  weighted=556.491  dt=29.059s
[Zgamma      ] 15  dphi_jj_central<2.37            events=   10128  weighted=488.12  dt=29.075s
[Zgamma      ] 16  dphi_met_jetterm<0.73           events=   10066  weighted=482.068  dt=29.090s
[Zgamma      ] None-check met_tst_et: 0
[Wgamma      ] 00  loaded                          events= 1772654  weighted=567687  dt=13.792s
[Wgamma      ] 01  n_ph==1                         events= 1308982  weighted=427790  dt=13.868s
[Wgamma      ] 02  n_mu_baseline==0                events= 1308982  weighted=427790  dt=13.926s
[Wgamma      ] 03  n_el_baseline==0                events= 1308982  weighted=427790  dt=13.984s
[Wgamma      ] 04  n_tau_baseline==0               events= 1109250  weighted=395396  dt=14.036s
[Wgamma      ] 05  trigger==1                      events=  521828  weighted=97547.7  dt=14.068s
[Wgamma      ] 06  ph_pt>50GeV                     events=  520958  weighted=97216.3  dt=14.167s
[Wgamma      ] 07  MET>100GeV                      events=  342184  weighted=40247.3  dt=14.230s
[Wgamma      ] 08  n_jet_central<=3                events=  282073  weighted=35614.7  dt=14.283s
[Wgamma      ] 09  140>mT>100GeV                   events=   15265  weighted=2327.2  dt=14.354s
[Wgamma      ] 10  VertexBDTScore>0.1              events=   14042  weighted=1992.71  dt=14.366s
[Wgamma      ] 11  met_tst_sig>7                   events=   11449  weighted=1593.36  dt=14.377s
[Wgamma      ] 12  ph_eta<1.74                     events=    8763  weighted=1191.68  dt=14.393s
[Wgamma      ] 13  dphi_met_phterm>1.23            events=    8420  weighted=1094.04  dt=14.405s
[Wgamma      ] 14  dmet>-21GeV                     events=    8198  weighted=1059.25  dt=14.421s
[Wgamma      ] 15  dphi_jj_central<2.37            events=    6781  weighted=939.952  dt=14.460s
[Wgamma      ] 16  dphi_met_jetterm<0.73           events=    6745  weighted=927.4  dt=14.474s
[Wgamma      ] None-check met_tst_et: 0
[Wjets       ] 00  loaded                          events= 3041984  weighted=3.97429e+06  dt=22.913s
[Wjets       ] 01  n_ph==1                         events= 2230309  weighted=3.094e+06  dt=23.035s
[Wjets       ] 02  truth e->gamma                  events= 1962593  weighted=2.81157e+06  dt=23.366s
[Wjets       ] 03  n_mu_baseline==0                events= 1962593  weighted=2.81157e+06  dt=23.661s
[Wjets       ] 04  n_el_baseline==0                events= 1962593  weighted=2.81157e+06  dt=23.957s
[Wjets       ] 05  n_tau_baseline==0               events= 1937580  weighted=2.77947e+06  dt=24.249s
[Wjets       ] 06  trigger==1                      events=  287662  weighted=273664  dt=24.336s
[Wjets       ] 07  ph_pt>50GeV                     events=  286760  weighted=272169  dt=24.417s
[Wjets       ] 08  MET>100GeV                      events=  119227  weighted=50452.8  dt=24.452s
[Wjets       ] 09  n_jet_central<=3                events=   73933  weighted=46210.5  dt=24.478s
[Wjets       ] 10  140>mT>100GeV                   events=   14272  weighted=3585.15  dt=24.528s
[Wjets       ] 11  VertexBDTScore>0.1              events=   13282  weighted=3077.47  dt=24.539s
[Wjets       ] 12  met_tst_sig>7                   events=    7873  weighted=1910.4  dt=24.549s
[Wjets       ] 13  ph_eta<1.74                     events=    4432  weighted=1042.56  dt=24.567s
[Wjets       ] 14  dphi_met_phterm>1.23            events=    4370  weighted=976.069  dt=24.578s
[Wjets       ] 15  dmet>-21GeV                     events=    4272  weighted=954.319  dt=24.588s
[Wjets       ] 16  dphi_jj_central<2.37            events=    3343  weighted=874.446  dt=24.601s
[Wjets       ] 17  dphi_met_jetterm<0.73           events=    3337  weighted=870.639  dt=24.614s
[Wjets       ] None-check met_tst_et: 0
[gammajet_direct] 00  loaded                          events=13721741  weighted=1.7273e+08  dt=58.730s
[gammajet_direct] 01  n_ph==1                         events=12921098  weighted=1.45885e+08  dt=59.187s
[gammajet_direct] 02  n_mu_baseline==0                events=12921098  weighted=1.45885e+08  dt=59.573s
[gammajet_direct] 03  n_el_baseline==0                events=12921098  weighted=1.45885e+08  dt=59.964s
[gammajet_direct] 04  n_tau_baseline==0               events=12807272  weighted=1.43291e+08  dt=60.353s
[gammajet_direct] 05  trigger==1                      events= 6956099  weighted=6.36735e+06  dt=60.611s
[gammajet_direct] 06  ph_pt>50GeV                     events= 6955806  weighted=6.34557e+06  dt=61.642s
[gammajet_direct] 07  MET>100GeV                      events= 1489230  weighted=947646  dt=62.008s
[gammajet_direct] 08  n_jet_central<=3                events= 1031214  weighted=905971  dt=62.195s
[gammajet_direct] 09  140>mT>100GeV                   events=   27495  weighted=10478.9  dt=62.437s
[gammajet_direct] 10  VertexBDTScore>0.1              events=   27203  weighted=4023.64  dt=62.451s
[gammajet_direct] 11  met_tst_sig>7                   events=      69  weighted=111.789  dt=62.460s
[gammajet_direct] 12  ph_eta<1.74                     events=      61  weighted=42.3735  dt=62.498s
[gammajet_direct] 13  dphi_met_phterm>1.23            events=      61  weighted=42.3735  dt=62.508s
[gammajet_direct] 14  dmet>-21GeV                     events=      57  weighted=9.49088  dt=62.517s
[gammajet_direct] 15  dphi_jj_central<2.37            events=      44  weighted=6.83816  dt=62.529s
[gammajet_direct] 16  dphi_met_jetterm<0.73           events=      43  weighted=6.66689  dt=62.540s
[gammajet_direct] None-check met_tst_et: 0
[data23      ] 00  loaded                          events=19779010  weighted=2.1317e+08  dt=52.003s
[data23      ] 01  jet_faking_photon               events= 3384689  weighted=3.64932e+07  dt=54.253s
[data23      ] 02  n_ph_baseline==1                events= 3354286  weighted=3.61658e+07  dt=55.470s
[data23      ] 03  n_mu_baseline==0                events= 3354286  weighted=3.61658e+07  dt=56.679s
[data23      ] 04  n_el_baseline==0                events= 3354286  weighted=3.61658e+07  dt=57.898s
[data23      ] 05  n_tau_baseline==0               events= 3294169  weighted=3.55194e+07  dt=59.098s
[data23      ] 06  trigger==1                      events=  719136  weighted=7.73395e+06  dt=59.473s
[data23      ] 07  ph_pt>50GeV                     events=  713598  weighted=7.67279e+06  dt=59.900s
[data23      ] 08  MET>100GeV                      events=   93925  weighted=1.00948e+06  dt=60.024s
[data23      ] 09  n_jet_central<=3                events=   79778  weighted=857115  dt=60.115s
[data23      ] 10  140>mT>100GeV                   events=    2513  weighted=27254.4  dt=60.292s
[data23      ] 11  VertexBDTScore>0.1              events=    1231  weighted=13349.2  dt=60.355s
[data23      ] 12  met_tst_sig>7                   events=     244  weighted=2643.63  dt=60.418s
[data23      ] 13  ph_eta<1.74                     events=     176  weighted=1860.9  dt=60.526s
[data23      ] 14  dphi_met_phterm>1.23            events=     137  weighted=1455.07  dt=60.609s
[data23      ] 15  dmet>-21GeV                     events=     126  weighted=1340.39  dt=60.672s
[data23      ] 16  dphi_jj_central<2.37            events=     107  weighted=1139.15  dt=60.738s
[data23      ] 17  dphi_met_jetterm<0.73           events=     105  weighted=1117.51  dt=60.803s
[data23      ] None-check met_tst_et: 0
