
==== Cutflow run 20250922_162827 ====
[ggHyyd      ] 00  loaded                          events=  225374  weighted=22918.5  dt=2.337s
[ggHyyd      ] 01  n_ph==1                         events=  195671  weighted=19979.1  dt=2.358s
[ggHyyd      ] 02  pv_z exists                     events=  195671  weighted=19979.1  dt=2.378s
[ggHyyd      ] 03  goodPV                          events=   86910  weighted=8732.76  dt=2.421s
[ggHyyd      ] 04  n_mu_baseline==0                events=   86910  weighted=8732.76  dt=2.453s
[ggHyyd      ] 05  n_el_baseline==0                events=   86910  weighted=8732.76  dt=2.484s
[ggHyyd      ] 06  n_tau_baseline==0               events=   85912  weighted=8630.4  dt=2.516s
[ggHyyd      ] 07  trigger==1                      events=   25430  weighted=2584.31  dt=2.537s
[ggHyyd      ] 08  ph_pt>50GeV                     events=   25370  weighted=2578.16  dt=2.559s
[ggHyyd      ] 09  MET>100GeV                      events=    5628  weighted=568.633  dt=2.576s
[ggHyyd      ] 10  n_jet_central<=3                events=    4858  weighted=491.889  dt=2.591s
[ggHyyd      ] 11  140>mT>100GeV                   events=    2866  weighted=290.678  dt=2.615s
[ggHyyd      ] 12  VertexBDTScore>0.1              events=    2646  weighted=268.245  dt=2.630s
[ggHyyd      ] 13  20>met_tst_sig>7                events=    2269  weighted=229.917  dt=2.646s
[ggHyyd      ] 14  ph_eta<1.74                     events=    1985  weighted=201.35  dt=2.662s
[ggHyyd      ] 15  dphi_met_phterm>1.23            events=    1894  weighted=192.589  dt=2.678s
[ggHyyd      ] 16  41.9GeV>dmet>-21.2GeV           events=    1884  weighted=191.726  dt=2.695s
[ggHyyd      ] 17  dphi_jj_central<2.37            events=    1787  weighted=182.43  dt=2.714s
[ggHyyd      ] 18  dphi_met_jetterm<0.73           events=    1777  weighted=181.5  dt=2.732s
[ggHyyd      ] 19  balance>0.91                    events=    1647  weighted=168.548  dt=2.754s
[ggHyyd      ] 20  jetterm>92GeV                   events=    1643  weighted=168.074  dt=2.769s
[ggHyyd      ] 21  3.1>dphi_phterm_jetterm>1.6     events=    1642  weighted=168.026  dt=2.790s
[ggHyyd      ] 22  metsigres<36000                 events=    1642  weighted=168.026  dt=2.805s
[ggHyyd      ] 23  met_noJVT>90GeV                 events=    1641  weighted=167.898  dt=2.819s
[ggHyyd      ] None-check met_tst_et: 0
[Zjets       ] 00  loaded                          events=11544081  weighted=1.7391e+06  dt=63.298s
[Zjets       ] 01  n_ph==1                         events= 4463818  weighted=828876  dt=63.560s
[Zjets       ] 02  truth e->gamma                  events= 3242488  weighted=674498  dt=64.139s
[Zjets       ] 03  n_mu_baseline==0                events= 3229462  weighted=673847  dt=64.621s
[Zjets       ] 04  n_el_baseline==0                events=  770339  weighted=199436  dt=64.784s
[Zjets       ] 05  n_tau_baseline==0               events=  729391  weighted=196129  dt=64.896s
[Zjets       ] 06  trigger==1                      events=   95006  weighted=6059.2  dt=64.932s
[Zjets       ] 07  ph_pt>50GeV                     events=   94607  weighted=6016.87  dt=65.030s
[Zjets       ] 08  MET>100GeV                      events=   14813  weighted=775.327  dt=65.042s
[Zjets       ] 09  n_jet_central<=3                events=    7940  weighted=681.041  dt=65.053s
[Zjets       ] 10  140>mT>100GeV                   events=     532  weighted=34.804  dt=65.149s
[Zjets       ] 11  VertexBDTScore>0.1              events=     383  weighted=16.8281  dt=65.158s
[Zjets       ] 12  20>met_tst_sig>7                events=      74  weighted=3.85827  dt=65.167s
[Zjets       ] 13  ph_eta<1.74                     events=      41  weighted=2.9558  dt=65.216s
[Zjets       ] 14  dphi_met_phterm>1.23            events=      39  weighted=2.85536  dt=65.226s
[Zjets       ] 15  41.9GeV>dmet>-21.2GeV           events=      37  weighted=1.9495  dt=65.236s
[Zjets       ] 16  dphi_jj_central<2.37            events=      28  weighted=1.45462  dt=65.247s
[Zjets       ] 17  dphi_met_jetterm<0.73           events=      28  weighted=1.45462  dt=65.258s
[Zjets       ] 18  balance>0.91                    events=      16  weighted=1.24998  dt=65.315s
[Zjets       ] 19  jetterm>92GeV                   events=      16  weighted=1.24998  dt=65.323s
[Zjets       ] 20  3.1>dphi_phterm_jetterm>1.6     events=      16  weighted=1.24998  dt=65.337s
[Zjets       ] 21  metsigres<36000                 events=      16  weighted=1.24998  dt=65.345s
[Zjets       ] 22  met_noJVT>90GeV                 events=      16  weighted=1.24998  dt=65.353s
[Zjets       ] None-check met_tst_et: 0
[Zgamma      ] 00  loaded                          events= 4341141  weighted=310120  dt=22.884s
[Zgamma      ] 01  n_ph==1                         events= 3423357  weighted=249516  dt=23.053s
[Zgamma      ] 02  n_mu_baseline==0                events= 3423357  weighted=249516  dt=23.187s
[Zgamma      ] 03  n_el_baseline==0                events= 3423357  weighted=249516  dt=23.322s
[Zgamma      ] 04  n_tau_baseline==0               events= 3233457  weighted=239841  dt=23.452s
[Zgamma      ] 05  trigger==1                      events= 2358497  weighted=109967  dt=23.561s
[Zgamma      ] 06  ph_pt>50GeV                     events= 2356368  weighted=109794  dt=24.029s
[Zgamma      ] 07  MET>100GeV                      events= 1789816  weighted=54244.5  dt=24.356s
[Zgamma      ] 08  n_jet_central<=3                events= 1639302  weighted=51087.4  dt=24.631s
[Zgamma      ] 09  140>mT>100GeV                   events=   21357  weighted=1156.58  dt=24.932s
[Zgamma      ] 10  VertexBDTScore>0.1              events=   19491  weighted=1002.7  dt=24.945s
[Zgamma      ] 11  20>met_tst_sig>7                events=   16686  weighted=842.074  dt=24.959s
[Zgamma      ] 12  ph_eta<1.74                     events=   12874  weighted=656.327  dt=24.984s
[Zgamma      ] 13  dphi_met_phterm>1.23            events=   11888  weighted=561.293  dt=24.997s
[Zgamma      ] 14  41.9GeV>dmet>-21.2GeV           events=   11735  weighted=556.124  dt=25.011s
[Zgamma      ] 15  dphi_jj_central<2.37            events=   10000  weighted=487.826  dt=25.027s
[Zgamma      ] 16  dphi_met_jetterm<0.73           events=    9938  weighted=481.774  dt=25.042s
[Zgamma      ] 17  balance>0.91                    events=    8485  weighted=424.601  dt=25.073s
[Zgamma      ] 18  jetterm>92GeV                   events=    8460  weighted=421.963  dt=25.083s
[Zgamma      ] 19  3.1>dphi_phterm_jetterm>1.6     events=    8453  weighted=421.415  dt=25.100s
[Zgamma      ] 20  metsigres<36000                 events=    8381  weighted=420.977  dt=25.111s
[Zgamma      ] 21  met_noJVT>90GeV                 events=    8370  weighted=419.976  dt=25.121s
[Zgamma      ] None-check met_tst_et: 0
[Wgamma      ] 00  loaded                          events= 1772654  weighted=567687  dt=11.659s
[Wgamma      ] 01  n_ph==1                         events= 1308982  weighted=427790  dt=11.734s
[Wgamma      ] 02  n_mu_baseline==0                events= 1308982  weighted=427790  dt=11.793s
[Wgamma      ] 03  n_el_baseline==0                events= 1308982  weighted=427790  dt=11.852s
[Wgamma      ] 04  n_tau_baseline==0               events= 1109250  weighted=395396  dt=11.907s
[Wgamma      ] 05  trigger==1                      events=  521828  weighted=97547.7  dt=11.940s
[Wgamma      ] 06  ph_pt>50GeV                     events=  520958  weighted=97216.3  dt=12.038s
[Wgamma      ] 07  MET>100GeV                      events=  342184  weighted=40247.3  dt=12.101s
[Wgamma      ] 08  n_jet_central<=3                events=  282073  weighted=35614.7  dt=12.152s
[Wgamma      ] 09  140>mT>100GeV                   events=   15265  weighted=2327.2  dt=12.222s
[Wgamma      ] 10  VertexBDTScore>0.1              events=   14042  weighted=1992.71  dt=12.233s
[Wgamma      ] 11  20>met_tst_sig>7                events=   11350  weighted=1592.6  dt=12.245s
[Wgamma      ] 12  ph_eta<1.74                     events=    8672  weighted=1190.94  dt=12.263s
[Wgamma      ] 13  dphi_met_phterm>1.23            events=    8329  weighted=1093.29  dt=12.275s
[Wgamma      ] 14  41.9GeV>dmet>-21.2GeV           events=    8103  weighted=1056.82  dt=12.287s
[Wgamma      ] 15  dphi_jj_central<2.37            events=    6696  weighted=937.736  dt=12.301s
[Wgamma      ] 16  dphi_met_jetterm<0.73           events=    6660  weighted=925.184  dt=12.315s
[Wgamma      ] 17  balance>0.91                    events=    5547  weighted=805.007  dt=12.339s
[Wgamma      ] 18  jetterm>92GeV                   events=    5538  weighted=804.347  dt=12.348s
[Wgamma      ] 19  3.1>dphi_phterm_jetterm>1.6     events=    5531  weighted=802.779  dt=12.364s
[Wgamma      ] 20  metsigres<36000                 events=    5433  weighted=801.617  dt=12.374s
[Wgamma      ] 21  met_noJVT>90GeV                 events=    5426  weighted=799.063  dt=12.383s
[Wgamma      ] None-check met_tst_et: 0
[Wjets       ] 00  loaded                          events= 3041984  weighted=3.97429e+06  dt=19.722s
[Wjets       ] 01  n_ph==1                         events= 2230309  weighted=3.094e+06  dt=19.851s
[Wjets       ] 02  truth e->gamma                  events= 1962593  weighted=2.81157e+06  dt=20.221s
[Wjets       ] 03  n_mu_baseline==0                events= 1962593  weighted=2.81157e+06  dt=20.559s
[Wjets       ] 04  n_el_baseline==0                events= 1962593  weighted=2.81157e+06  dt=20.895s
[Wjets       ] 05  n_tau_baseline==0               events= 1937580  weighted=2.77947e+06  dt=21.231s
[Wjets       ] 06  trigger==1                      events=  287662  weighted=273664  dt=21.328s
[Wjets       ] 07  ph_pt>50GeV                     events=  286760  weighted=272169  dt=21.413s
[Wjets       ] 08  MET>100GeV                      events=  119227  weighted=50452.8  dt=21.450s
[Wjets       ] 09  n_jet_central<=3                events=   73933  weighted=46210.5  dt=21.476s
[Wjets       ] 10  140>mT>100GeV                   events=   14272  weighted=3585.15  dt=21.528s
[Wjets       ] 11  VertexBDTScore>0.1              events=   13282  weighted=3077.47  dt=21.539s
[Wjets       ] 12  20>met_tst_sig>7                events=    7853  weighted=1909.97  dt=21.551s
[Wjets       ] 13  ph_eta<1.74                     events=    4416  weighted=1042.18  dt=21.570s
[Wjets       ] 14  dphi_met_phterm>1.23            events=    4354  weighted=975.688  dt=21.581s
[Wjets       ] 15  41.9GeV>dmet>-21.2GeV           events=    4251  weighted=953.29  dt=21.592s
[Wjets       ] 16  dphi_jj_central<2.37            events=    3326  weighted=873.623  dt=21.605s
[Wjets       ] 17  dphi_met_jetterm<0.73           events=    3320  weighted=869.816  dt=21.617s
[Wjets       ] 18  balance>0.91                    events=    2397  weighted=730.873  dt=21.644s
[Wjets       ] 19  jetterm>92GeV                   events=    2393  weighted=726.365  dt=21.653s
[Wjets       ] 20  3.1>dphi_phterm_jetterm>1.6     events=    2392  weighted=720.399  dt=21.668s
[Wjets       ] 21  metsigres<36000                 events=    2349  weighted=718.589  dt=21.677s
[Wjets       ] 22  met_noJVT>90GeV                 events=    2340  weighted=713.427  dt=21.685s
[Wjets       ] None-check met_tst_et: 0
[gammajet_direct] 00  loaded                          events=13721741  weighted=1.7273e+08  dt=52.819s
[gammajet_direct] 01  n_ph==1                         events=12921098  weighted=1.45885e+08  dt=53.281s
[gammajet_direct] 02  n_mu_baseline==0                events=12921098  weighted=1.45885e+08  dt=53.670s
[gammajet_direct] 03  n_el_baseline==0                events=12921098  weighted=1.45885e+08  dt=54.059s
[gammajet_direct] 04  n_tau_baseline==0               events=12807272  weighted=1.43291e+08  dt=54.451s
[gammajet_direct] 05  trigger==1                      events= 6956099  weighted=6.36735e+06  dt=54.721s
[gammajet_direct] 06  ph_pt>50GeV                     events= 6955806  weighted=6.34557e+06  dt=55.782s
[gammajet_direct] 07  MET>100GeV                      events= 1489230  weighted=947646  dt=56.147s
[gammajet_direct] 08  n_jet_central<=3                events= 1031214  weighted=905971  dt=56.341s
[gammajet_direct] 09  140>mT>100GeV                   events=   27495  weighted=10478.9  dt=56.587s
[gammajet_direct] 10  VertexBDTScore>0.1              events=   27203  weighted=4023.64  dt=56.601s
[gammajet_direct] 11  20>met_tst_sig>7                events=      65  weighted=111.665  dt=56.612s
[gammajet_direct] 12  ph_eta<1.74                     events=      57  weighted=42.25  dt=56.650s
[gammajet_direct] 13  dphi_met_phterm>1.23            events=      57  weighted=42.25  dt=56.660s
[gammajet_direct] 14  41.9GeV>dmet>-21.2GeV           events=      52  weighted=9.36743  dt=56.670s
[gammajet_direct] 15  dphi_jj_central<2.37            events=      41  weighted=6.71546  dt=56.682s
[gammajet_direct] 16  dphi_met_jetterm<0.73           events=      40  weighted=6.5442  dt=56.693s
[gammajet_direct] 17  balance>0.91                    events=      40  weighted=6.5442  dt=56.733s
[gammajet_direct] 18  jetterm>92GeV                   events=      40  weighted=6.5442  dt=56.741s
[gammajet_direct] 19  3.1>dphi_phterm_jetterm>1.6     events=      16  weighted=6.53979  dt=56.755s
[gammajet_direct] 20  metsigres<36000                 events=      15  weighted=6.53794  dt=56.763s
[gammajet_direct] 21  met_noJVT>90GeV                 events=      15  weighted=6.53794  dt=56.770s
[gammajet_direct] None-check met_tst_et: 0
[data23      ] 00  loaded                          events=19779010  weighted=2.1317e+08  dt=48.591s
[data23      ] 01  jet_faking_photon               events= 3384689  weighted=3.64932e+07  dt=50.799s
[data23      ] 02  n_ph_baseline==1                events= 3354286  weighted=3.61658e+07  dt=52.012s
[data23      ] 03  n_mu_baseline==0                events= 3354286  weighted=3.61658e+07  dt=53.269s
[data23      ] 04  n_el_baseline==0                events= 3354286  weighted=3.61658e+07  dt=54.473s
[data23      ] 05  n_tau_baseline==0               events= 3294169  weighted=3.55194e+07  dt=55.675s
[data23      ] 06  trigger==1                      events=  719136  weighted=7.73395e+06  dt=56.058s
[data23      ] 07  ph_pt>50GeV                     events=  713598  weighted=7.67279e+06  dt=56.496s
[data23      ] 08  MET>100GeV                      events=   93925  weighted=1.00948e+06  dt=56.608s
[data23      ] 09  n_jet_central<=3                events=   79778  weighted=857115  dt=56.697s
[data23      ] 10  140>mT>100GeV                   events=    2513  weighted=27254.4  dt=56.863s
[data23      ] 11  VertexBDTScore>0.1              events=    1231  weighted=13349.2  dt=56.924s
[data23      ] 12  20>met_tst_sig>7                events=     244  weighted=2643.63  dt=56.986s
[data23      ] 13  ph_eta<1.74                     events=     176  weighted=1860.9  dt=57.088s
[data23      ] 14  dphi_met_phterm>1.23            events=     137  weighted=1455.07  dt=57.150s
[data23      ] 15  41.9GeV>dmet>-21.2GeV           events=     126  weighted=1340.39  dt=57.211s
[data23      ] 16  dphi_jj_central<2.37            events=     107  weighted=1139.15  dt=57.274s
[data23      ] 17  dphi_met_jetterm<0.73           events=     105  weighted=1117.51  dt=57.335s
[data23      ] 18  balance>0.91                    events=      66  weighted=698.327  dt=57.462s
[data23      ] 19  jetterm>92GeV                   events=      64  weighted=677.476  dt=57.520s
[data23      ] 20  3.1>dphi_phterm_jetterm>1.6     events=      64  weighted=677.476  dt=57.583s
[data23      ] 21  metsigres<36000                 events=      64  weighted=677.476  dt=57.641s
[data23      ] 22  met_noJVT>90GeV                 events=      63  weighted=666.264  dt=57.699s
[data23      ] None-check met_tst_et: 0
