
==== Cutflow run 20250922_153420 ====
[ggHyyd      ] 00  loaded                          events=  225374  weighted=22918.5  dt=0.973s
[ggHyyd      ] 01  n_ph==1                         events=  195671  weighted=19979.1  dt=0.992s
[ggHyyd      ] 02  pv_z exists                     events=  195671  weighted=19979.1  dt=1.010s
[ggHyyd      ] 03  goodPV                          events=   86910  weighted=8732.76  dt=1.048s
[ggHyyd      ] 04  n_mu_baseline==0                events=   86910  weighted=8732.76  dt=1.077s
[ggHyyd      ] 05  n_el_baseline==0                events=   86910  weighted=8732.76  dt=1.105s
[ggHyyd      ] 06  n_tau_baseline==0               events=   85912  weighted=8630.4  dt=1.133s
[ggHyyd      ] 07  trigger==1                      events=   25430  weighted=2584.31  dt=1.153s
[ggHyyd      ] 08  ph_pt>50GeV                     events=   25370  weighted=2578.16  dt=1.175s
[ggHyyd      ] 09  MET>100GeV                      events=    5628  weighted=568.633  dt=1.190s
[ggHyyd      ] 10  n_jet_central<=3                events=    4858  weighted=491.889  dt=1.205s
[ggHyyd      ] 11  mT>80GeV                        events=    4730  weighted=479.373  dt=1.227s
[ggHyyd      ] 12  VertexBDTScore>0.1              events=    3886  weighted=394.525  dt=1.243s
[ggHyyd      ] 13  met_tst_sig>6                   events=    3422  weighted=349.744  dt=1.257s
[ggHyyd      ] 14  ph_eta<1.75                     events=    2997  weighted=306.565  dt=1.274s
[ggHyyd      ] 15  dphi_met_phterm>1.25            events=    2700  weighted=276.255  dt=1.290s
[ggHyyd      ] 16  dmet>-10GeV                     events=    2617  weighted=268.177  dt=1.306s
[ggHyyd      ] 17  dphi_jj_central<2.5             events=    2498  weighted=255.685  dt=1.325s
[ggHyyd      ] 18  dphi_met_jetterm<0.75           events=    2458  weighted=252.028  dt=1.343s
[ggHyyd      ] None-check met_tst_et: 0
[Zjets       ] 00  loaded                          events=11544081  weighted=1.7391e+06  dt=66.807s
[Zjets       ] 01  n_ph==1                         events= 4463818  weighted=828876  dt=67.050s
[Zjets       ] 02  truth e->gamma                  events= 3242488  weighted=674498  dt=67.613s
[Zjets       ] 03  n_mu_baseline==0                events= 3229462  weighted=673847  dt=68.078s
[Zjets       ] 04  n_el_baseline==0                events=  770339  weighted=199436  dt=68.241s
[Zjets       ] 05  n_tau_baseline==0               events=  729391  weighted=196129  dt=68.355s
[Zjets       ] 06  trigger==1                      events=   95006  weighted=6059.2  dt=68.390s
[Zjets       ] 07  ph_pt>50GeV                     events=   94607  weighted=6016.87  dt=68.469s
[Zjets       ] 08  MET>100GeV                      events=   14813  weighted=775.327  dt=68.482s
[Zjets       ] 09  n_jet_central<=3                events=    7940  weighted=681.041  dt=68.492s
[Zjets       ] 10  mT>80GeV                        events=    7481  weighted=669.827  dt=68.570s
[Zjets       ] 11  VertexBDTScore>0.1              events=    3638  weighted=103.815  dt=68.579s
[Zjets       ] 12  met_tst_sig>6                   events=     868  weighted=37.833  dt=68.588s
[Zjets       ] 13  ph_eta<1.75                     events=     402  weighted=16.9622  dt=68.627s
[Zjets       ] 14  dphi_met_phterm>1.25            events=     172  weighted=7.00068  dt=68.637s
[Zjets       ] 15  dmet>-10GeV                     events=     162  weighted=5.71199  dt=68.646s
[Zjets       ] 16  dphi_jj_central<2.5             events=     101  weighted=5.095  dt=68.660s
[Zjets       ] 17  dphi_met_jetterm<0.75           events=      94  weighted=4.90545  dt=68.671s
[Zjets       ] None-check met_tst_et: 0
[Zgamma      ] 00  loaded                          events= 4341141  weighted=310120  dt=24.027s
[Zgamma      ] 01  n_ph==1                         events= 3423357  weighted=249516  dt=24.184s
[Zgamma      ] 02  n_mu_baseline==0                events= 3423357  weighted=249516  dt=24.311s
[Zgamma      ] 03  n_el_baseline==0                events= 3423357  weighted=249516  dt=24.434s
[Zgamma      ] 04  n_tau_baseline==0               events= 3233457  weighted=239841  dt=24.556s
[Zgamma      ] 05  trigger==1                      events= 2358497  weighted=109967  dt=24.660s
[Zgamma      ] 06  ph_pt>50GeV                     events= 2356368  weighted=109794  dt=25.076s
[Zgamma      ] 07  MET>100GeV                      events= 1789816  weighted=54244.5  dt=25.376s
[Zgamma      ] 08  n_jet_central<=3                events= 1639302  weighted=51087.4  dt=25.633s
[Zgamma      ] 09  mT>80GeV                        events= 1637543  weighted=51015.9  dt=26.085s
[Zgamma      ] 10  VertexBDTScore>0.1              events=  636216  weighted=15452.6  dt=26.218s
[Zgamma      ] 11  met_tst_sig>6                   events=  612615  weighted=14725.8  dt=26.319s
[Zgamma      ] 12  ph_eta<1.75                     events=  493248  weighted=11493  dt=26.429s
[Zgamma      ] 13  dphi_met_phterm>1.25            events=   63704  weighted=1807.92  dt=26.482s
[Zgamma      ] 14  dmet>-10GeV                     events=   61060  weighted=1745.19  dt=26.505s
[Zgamma      ] 15  dphi_jj_central<2.5             events=   53244  weighted=1553.64  dt=26.535s
[Zgamma      ] 16  dphi_met_jetterm<0.75           events=   44053  weighted=1317.13  dt=26.568s
[Zgamma      ] None-check met_tst_et: 0
[Wgamma      ] 00  loaded                          events= 1772654  weighted=567687  dt=12.039s
[Wgamma      ] 01  n_ph==1                         events= 1308982  weighted=427790  dt=12.111s
[Wgamma      ] 02  n_mu_baseline==0                events= 1308982  weighted=427790  dt=12.168s
[Wgamma      ] 03  n_el_baseline==0                events= 1308982  weighted=427790  dt=12.223s
[Wgamma      ] 04  n_tau_baseline==0               events= 1109250  weighted=395396  dt=12.278s
[Wgamma      ] 05  trigger==1                      events=  521828  weighted=97547.7  dt=12.310s
[Wgamma      ] 06  ph_pt>50GeV                     events=  520958  weighted=97216.3  dt=12.408s
[Wgamma      ] 07  MET>100GeV                      events=  342184  weighted=40247.3  dt=12.470s
[Wgamma      ] 08  n_jet_central<=3                events=  282073  weighted=35614.7  dt=12.520s
[Wgamma      ] 09  mT>80GeV                        events=  278201  weighted=35147  dt=12.612s
[Wgamma      ] 10  VertexBDTScore>0.1              events=  150346  weighted=14461.9  dt=12.647s
[Wgamma      ] 11  met_tst_sig>6                   events=  137741  weighted=13141.2  dt=12.676s
[Wgamma      ] 12  ph_eta<1.75                     events=  110808  weighted=10238  dt=12.711s
[Wgamma      ] 13  dphi_met_phterm>1.25            events=   34778  weighted=3281.86  dt=12.734s
[Wgamma      ] 14  dmet>-10GeV                     events=   32671  weighted=3090.63  dt=12.750s
[Wgamma      ] 15  dphi_jj_central<2.5             events=   27335  weighted=2736.28  dt=12.771s
[Wgamma      ] 16  dphi_met_jetterm<0.75           events=   22922  weighted=2381.76  dt=12.790s
[Wgamma      ] None-check met_tst_et: 0
[Wjets       ] 00  loaded                          events= 3041984  weighted=3.97429e+06  dt=19.728s
[Wjets       ] 01  n_ph==1                         events= 2230309  weighted=3.094e+06  dt=19.846s
[Wjets       ] 02  truth e->gamma                  events= 1962593  weighted=2.81157e+06  dt=20.181s
[Wjets       ] 03  n_mu_baseline==0                events= 1962593  weighted=2.81157e+06  dt=20.477s
[Wjets       ] 04  n_el_baseline==0                events= 1962593  weighted=2.81157e+06  dt=20.775s
[Wjets       ] 05  n_tau_baseline==0               events= 1937580  weighted=2.77947e+06  dt=21.069s
[Wjets       ] 06  trigger==1                      events=  287662  weighted=273664  dt=21.159s
[Wjets       ] 07  ph_pt>50GeV                     events=  286760  weighted=272169  dt=21.242s
[Wjets       ] 08  MET>100GeV                      events=  119227  weighted=50452.8  dt=21.277s
[Wjets       ] 09  n_jet_central<=3                events=   73933  weighted=46210.5  dt=21.302s
[Wjets       ] 10  mT>80GeV                        events=   56398  weighted=43051.9  dt=21.354s
[Wjets       ] 11  VertexBDTScore>0.1              events=   48111  weighted=18166  dt=21.372s
[Wjets       ] 12  met_tst_sig>6                   events=   37342  weighted=15881  dt=21.389s
[Wjets       ] 13  ph_eta<1.75                     events=   21002  weighted=7865.68  dt=21.412s
[Wjets       ] 14  dphi_met_phterm>1.25            events=   17929  weighted=3729.64  dt=21.426s
[Wjets       ] 15  dmet>-10GeV                     events=   17090  weighted=3547.75  dt=21.439s
[Wjets       ] 16  dphi_jj_central<2.5             events=   14057  weighted=3262.79  dt=21.457s
[Wjets       ] 17  dphi_met_jetterm<0.75           events=   13789  weighted=3211.02  dt=21.474s
[Wjets       ] None-check met_tst_et: 0
[gammajet_direct] 00  loaded                          events=13721741  weighted=1.7273e+08  dt=50.419s
[gammajet_direct] 01  n_ph==1                         events=12921098  weighted=1.45885e+08  dt=50.869s
[gammajet_direct] 02  n_mu_baseline==0                events=12921098  weighted=1.45885e+08  dt=51.254s
[gammajet_direct] 03  n_el_baseline==0                events=12921098  weighted=1.45885e+08  dt=51.637s
[gammajet_direct] 04  n_tau_baseline==0               events=12807272  weighted=1.43291e+08  dt=52.023s
[gammajet_direct] 05  trigger==1                      events= 6956099  weighted=6.36735e+06  dt=52.284s
[gammajet_direct] 06  ph_pt>50GeV                     events= 6955806  weighted=6.34557e+06  dt=53.347s
[gammajet_direct] 07  MET>100GeV                      events= 1489230  weighted=947646  dt=53.712s
[gammajet_direct] 08  n_jet_central<=3                events= 1031214  weighted=905971  dt=53.899s
[gammajet_direct] 09  mT>80GeV                        events=  945796  weighted=902751  dt=54.237s
[gammajet_direct] 10  VertexBDTScore>0.1              events=  877581  weighted=52135.1  dt=54.383s
[gammajet_direct] 11  met_tst_sig>6                   events=   93804  weighted=17739.1  dt=54.429s
[gammajet_direct] 12  ph_eta<1.75                     events=   88534  weighted=14125.3  dt=54.490s
[gammajet_direct] 13  dphi_met_phterm>1.25            events=    2480  weighted=548.204  dt=54.506s
[gammajet_direct] 14  dmet>-10GeV                     events=    2036  weighted=451.119  dt=54.516s
[gammajet_direct] 15  dphi_jj_central<2.5             events=    1819  weighted=429.473  dt=54.528s
[gammajet_direct] 16  dphi_met_jetterm<0.75           events=     712  weighted=251.944  dt=54.540s
[gammajet_direct] None-check met_tst_et: 0
[data23      ] 00  loaded                          events=19779010  weighted=2.1317e+08  dt=55.121s
[data23      ] 01  jet_faking_photon               events= 3384689  weighted=3.64932e+07  dt=57.927s
[data23      ] 02  n_ph_baseline==1                events= 3354286  weighted=3.61658e+07  dt=59.317s
[data23      ] 03  n_mu_baseline==0                events= 3354286  weighted=3.61658e+07  dt=60.722s
[data23      ] 04  n_el_baseline==0                events= 3354286  weighted=3.61658e+07  dt=62.153s
[data23      ] 05  n_tau_baseline==0               events= 3294169  weighted=3.55194e+07  dt=63.585s
[data23      ] 06  trigger==1                      events=  719136  weighted=7.73395e+06  dt=64.034s
[data23      ] 07  ph_pt>50GeV                     events=  713598  weighted=7.67279e+06  dt=64.528s
[data23      ] 08  MET>100GeV                      events=   93925  weighted=1.00948e+06  dt=64.651s
[data23      ] 09  n_jet_central<=3                events=   79778  weighted=857115  dt=64.753s
[data23      ] 10  mT>80GeV                        events=   79409  weighted=853096  dt=64.974s
[data23      ] 11  VertexBDTScore>0.1              events=   17148  weighted=184316  dt=65.053s
[data23      ] 12  met_tst_sig>6                   events=    4232  weighted=45357.5  dt=65.126s
[data23      ] 13  ph_eta<1.75                     events=    3319  weighted=34920.1  dt=65.253s
[data23      ] 14  dphi_met_phterm>1.25            events=     463  weighted=4899.5  dt=65.334s
[data23      ] 15  dmet>-10GeV                     events=     405  weighted=4290.87  dt=65.406s
[data23      ] 16  dphi_jj_central<2.5             events=     351  weighted=3712.15  dt=65.482s
[data23      ] 17  dphi_met_jetterm<0.75           events=     307  weighted=3243.98  dt=65.557s
[data23      ] None-check met_tst_et: 0
